#
# There is insufficient memory for the Java Runtime Environment to continue.
# Native memory allocation (mmap) failed to map 262144 bytes for committing reserved memory.
# Possible reasons:
#   The system is out of physical RAM or swap space
#   In 32 bit mode, the process size limit was hit
# Possible solutions:
#   Reduce memory load on the system
#   Increase physical memory or swap space
#   Check if swap backing store is full
#   Use 64 bit Java on a 64 bit OS
#   Decrease Java heap size (-Xmx/-Xms)
#   Decrease number of Java threads
#   Decrease Java thread stack sizes (-Xss)
#   Set larger code cache with -XX:ReservedCodeCacheSize=
# This output file may be truncated or incomplete.
#
#  Out of Memory Error (os_linux.cpp:2671), pid=8931, tid=140445723547392
#
# JRE version: Java(TM) SE Runtime Environment (8.0_25-b17) (build 1.8.0_25-b17)
# Java VM: Java HotSpot(TM) 64-Bit Server VM (25.25-b02 mixed mode linux-amd64 compressed oops)
# Failed to write core dump. Core dumps have been disabled. To enable core dumping, try "ulimit -c unlimited" before starting Java again
#

---------------  T H R E A D  ---------------

Current thread (0x00007fbc18002000):  JavaThread "qtp1927061405-39" [_thread_in_vm, id=28544, stack(0x00007fbc11665000,0x00007fbc11766000)]

Stack: [0x00007fbc11665000,0x00007fbc11766000],  sp=0x00007fbc1175e500,  free space=997k
Native frames: (J=compiled Java code, j=interpreted, Vv=VM code, C=native code)
V  [libjvm.so+0xa7923a]  VMError::report_and_die()+0x2ca
V  [libjvm.so+0x4e552b]  report_vm_out_of_memory(char const*, int, unsigned long, VMErrorType, char const*)+0x8b
V  [libjvm.so+0x8e5613]  os::Linux::commit_memory_impl(char*, unsigned long, bool)+0x103
V  [libjvm.so+0x8e5b69]  os::pd_commit_memory(char*, unsigned long, unsigned long, bool)+0x29
V  [libjvm.so+0x8df83a]  os::commit_memory(char*, unsigned long, unsigned long, bool)+0x2a
V  [libjvm.so+0xa75169]  VirtualSpace::expand_by(unsigned long, bool)+0x1c9
V  [libjvm.so+0x8682c6]  VirtualSpaceList::expand_node_by(VirtualSpaceNode*, unsigned long, unsigned long)+0x76
V  [libjvm.so+0x86b060]  VirtualSpaceList::expand_by(unsigned long, unsigned long)+0xf0
V  [libjvm.so+0x86b1f3]  VirtualSpaceList::get_new_chunk(unsigned long, unsigned long, unsigned long)+0xb3
V  [libjvm.so+0x86d985]  Metaspace::initialize(Mutex*, Metaspace::MetaspaceType)+0x4e5
V  [libjvm.so+0x45af8e]  ClassLoaderData::metaspace_non_null()+0xee
V  [libjvm.so+0x86d220]  Metaspace::allocate(ClassLoaderData*, unsigned long, bool, MetaspaceObj::Type, Thread*)+0x170
V  [libjvm.so+0x4dabb4]  ConstantPool::allocate(ClassLoaderData*, int, Thread*)+0x44
V  [libjvm.so+0x44b467]  ClassFileParser::parse_constant_pool(Thread*)+0x2b7
V  [libjvm.so+0x45343f]  ClassFileParser::parseClassFile(Symbol*, ClassLoaderData*, Handle, KlassHandle, GrowableArray<Handle>*, TempNewSymbol&, bool, Thread*)+0x63f
V  [libjvm.so+0x9eff3f]  SystemDictionary::resolve_from_stream(Symbol*, Handle, Handle, ClassFileStream*, bool, Thread*)+0x17f
V  [libjvm.so+0x6df65e]  jvm_define_class_common(JNIEnv_*, char const*, _jobject*, signed char const*, int, _jobject*, char const*, unsigned char, Thread*)+0x2ae
V  [libjvm.so+0x6e3c81]  JVM_DefineClassWithSource+0xe1
C  [libjava.so+0xefff]  Java_java_lang_ClassLoader_defineClass1+0x25f
J 519  java.lang.ClassLoader.defineClass1(Ljava/lang/String;[BIILjava/security/ProtectionDomain;Ljava/lang/String;)Ljava/lang/Class; (0 bytes) @ 0x00007fbc311cfdcb [0x00007fbc311cfcc0+0x10b]
J 515 C1 java.lang.ClassLoader.defineClass(Ljava/lang/String;[BIILjava/security/ProtectionDomain;)Ljava/lang/Class; (43 bytes) @ 0x00007fbc311cf62f [0x00007fbc311cf540+0xef]
J 1450 C1 clojure.lang.DynamicClassLoader.defineClass(Ljava/lang/String;[BLjava/lang/Object;)Ljava/lang/Class; (43 bytes) @ 0x00007fbc31397cc4 [0x00007fbc31397c20+0xa4]
J 1344 C1 clojure.lang.Compiler$ObjExpr.getCompiledClass()Ljava/lang/Class; (48 bytes) @ 0x00007fbc31355db8 [0x00007fbc31355c20+0x198]
J 1312 C1 clojure.lang.Compiler$FnExpr.parse(Lclojure/lang/Compiler$C;Lclojure/lang/ISeq;Ljava/lang/String;)Lclojure/lang/Compiler$Expr; (1085 bytes) @ 0x00007fbc31344591 [0x00007fbc31341640+0x2f51]
J 993 C1 clojure.lang.Compiler.analyzeSeq(Lclojure/lang/Compiler$C;Lclojure/lang/ISeq;Ljava/lang/String;)Lclojure/lang/Compiler$Expr; (334 bytes) @ 0x00007fbc3128f83a [0x00007fbc3128ea20+0xe1a]
J 948 C1 clojure.lang.Compiler.analyze(Lclojure/lang/Compiler$C;Ljava/lang/Object;Ljava/lang/String;)Lclojure/lang/Compiler$Expr; (341 bytes) @ 0x00007fbc31277d95 [0x00007fbc31277300+0xa95]
J 1194 C1 clojure.lang.Compiler$InvokeExpr.parse(Lclojure/lang/Compiler$C;Lclojure/lang/ISeq;)Lclojure/lang/Compiler$Expr; (408 bytes) @ 0x00007fbc31301c68 [0x00007fbc31301c00+0x68]
J 993 C1 clojure.lang.Compiler.analyzeSeq(Lclojure/lang/Compiler$C;Lclojure/lang/ISeq;Ljava/lang/String;)Lclojure/lang/Compiler$Expr; (334 bytes) @ 0x00007fbc3128f7f9 [0x00007fbc3128ea20+0xdd9]
J 948 C1 clojure.lang.Compiler.analyze(Lclojure/lang/Compiler$C;Ljava/lang/Object;Ljava/lang/String;)Lclojure/lang/Compiler$Expr; (341 bytes) @ 0x00007fbc31277d95 [0x00007fbc31277300+0xa95]
J 2562 C1 clojure.lang.Compiler$TryExpr$Parser.parse(Lclojure/lang/Compiler$C;Ljava/lang/Object;)Lclojure/lang/Compiler$Expr; (671 bytes) @ 0x00007fbc315c44af [0x00007fbc315c27c0+0x1cef]
J 993 C1 clojure.lang.Compiler.analyzeSeq(Lclojure/lang/Compiler$C;Lclojure/lang/ISeq;Ljava/lang/String;)Lclojure/lang/Compiler$Expr; (334 bytes) @ 0x00007fbc3128f7c0 [0x00007fbc3128ea20+0xda0]
J 948 C1 clojure.lang.Compiler.analyze(Lclojure/lang/Compiler$C;Ljava/lang/Object;Ljava/lang/String;)Lclojure/lang/Compiler$Expr; (341 bytes) @ 0x00007fbc31277d95 [0x00007fbc31277300+0xa95]
J 2340 C1 clojure.lang.Compiler$VectorExpr.parse(Lclojure/lang/Compiler$C;Lclojure/lang/IPersistentVector;)Lclojure/lang/Compiler$Expr; (204 bytes) @ 0x00007fbc315515dd [0x00007fbc31551540+0x9d]
J 948 C1 clojure.lang.Compiler.analyze(Lclojure/lang/Compiler$C;Ljava/lang/Object;Ljava/lang/String;)Lclojure/lang/Compiler$Expr; (341 bytes) @ 0x00007fbc31277d2c [0x00007fbc31277300+0xa2c]
J 2854 C1 clojure.lang.Compiler$LetExpr$Parser.parse(Lclojure/lang/Compiler$C;Ljava/lang/Object;)Lclojure/lang/Compiler$Expr; (1046 bytes) @ 0x00007fbc31675734 [0x00007fbc31674b00+0xc34]
J 993 C1 clojure.lang.Compiler.analyzeSeq(Lclojure/lang/Compiler$C;Lclojure/lang/ISeq;Ljava/lang/String;)Lclojure/lang/Compiler$Expr; (334 bytes) @ 0x00007fbc3128f7c0 [0x00007fbc3128ea20+0xda0]
J 948 C1 clojure.lang.Compiler.analyze(Lclojure/lang/Compiler$C;Ljava/lang/Object;Ljava/lang/String;)Lclojure/lang/Compiler$Expr; (341 bytes) @ 0x00007fbc31277d95 [0x00007fbc31277300+0xa95]
J 993 C1 clojure.lang.Compiler.analyzeSeq(Lclojure/lang/Compiler$C;Lclojure/lang/ISeq;Ljava/lang/String;)Lclojure/lang/Compiler$Expr; (334 bytes) @ 0x00007fbc3128f924 [0x00007fbc3128ea20+0xf04]
J 948 C1 clojure.lang.Compiler.analyze(Lclojure/lang/Compiler$C;Ljava/lang/Object;Ljava/lang/String;)Lclojure/lang/Compiler$Expr; (341 bytes) @ 0x00007fbc31277d95 [0x00007fbc31277300+0xa95]
J 1293 C1 clojure.lang.Compiler$BodyExpr$Parser.parse(Lclojure/lang/Compiler$C;Ljava/lang/Object;)Lclojure/lang/Compiler$Expr; (129 bytes) @ 0x00007fbc31333eca [0x00007fbc31333be0+0x2ea]
J 1454 C1 clojure.lang.Compiler$FnMethod.parse(Lclojure/lang/Compiler$ObjExpr;Lclojure/lang/ISeq;Z)Lclojure/lang/Compiler$FnMethod; (904 bytes) @ 0x00007fbc3139b5d6 [0x00007fbc31399be0+0x19f6]
J 1312 C1 clojure.lang.Compiler$FnExpr.parse(Lclojure/lang/Compiler$C;Lclojure/lang/ISeq;Ljava/lang/String;)Lclojure/lang/Compiler$Expr; (1085 bytes) @ 0x00007fbc313438bb [0x00007fbc31341640+0x227b]
J 993 C1 clojure.lang.Compiler.analyzeSeq(Lclojure/lang/Compiler$C;Lclojure/lang/ISeq;Ljava/lang/String;)Lclojure/lang/Compiler$Expr; (334 bytes) @ 0x00007fbc3128f83a [0x00007fbc3128ea20+0xe1a]
J 948 C1 clojure.lang.Compiler.analyze(Lclojure/lang/Compiler$C;Ljava/lang/Object;Ljava/lang/String;)Lclojure/lang/Compiler$Expr; (341 bytes) @ 0x00007fbc31277d95 [0x00007fbc31277300+0xa95]
J 993 C1 clojure.lang.Compiler.analyzeSeq(Lclojure/lang/Compiler$C;Lclojure/lang/ISeq;Ljava/lang/String;)Lclojure/lang/Compiler$Expr; (334 bytes) @ 0x00007fbc3128f924 [0x00007fbc3128ea20+0xf04]
J 948 C1 clojure.lang.Compiler.analyze(Lclojure/lang/Compiler$C;Ljava/lang/Object;Ljava/lang/String;)Lclojure/lang/Compiler$Expr; (341 bytes) @ 0x00007fbc31277d95 [0x00007fbc31277300+0xa95]
J 3004 C1 clojure.lang.Compiler$DefExpr$Parser.parse(Lclojure/lang/Compiler$C;Ljava/lang/Object;)Lclojure/lang/Compiler$Expr; (520 bytes) @ 0x00007fbc316a75c6 [0x00007fbc316a5ee0+0x16e6]
J 993 C1 clojure.lang.Compiler.analyzeSeq(Lclojure/lang/Compiler$C;Lclojure/lang/ISeq;Ljava/lang/String;)Lclojure/lang/Compiler$Expr; (334 bytes) @ 0x00007fbc3128f7c0 [0x00007fbc3128ea20+0xda0]
J 948 C1 clojure.lang.Compiler.analyze(Lclojure/lang/Compiler$C;Ljava/lang/Object;Ljava/lang/String;)Lclojure/lang/Compiler$Expr; (341 bytes) @ 0x00007fbc31277d95 [0x00007fbc31277300+0xa95]
J 1507 C1 clojure.lang.Compiler.eval(Ljava/lang/Object;Z)Ljava/lang/Object; (393 bytes) @ 0x00007fbc313b99c0 [0x00007fbc313b8000+0x19c0]
J 2841 C1 clojure.lang.Compiler.load(Ljava/io/Reader;Ljava/lang/String;Ljava/lang/String;)Ljava/lang/Object; (478 bytes) @ 0x00007fbc31665b78 [0x00007fbc31664660+0x1518]
J 3335 C1 clojure.core$load_reader.invoke(Ljava/lang/Object;)Ljava/lang/Object; (10 bytes) @ 0x00007fbc317362f2 [0x00007fbc31736280+0x72]
J 3334 C1 clojure.core$load_string.invoke(Ljava/lang/Object;)Ljava/lang/Object; (42 bytes) @ 0x00007fbc31735cd4 [0x00007fbc31735a60+0x274]
J 3340 C1 sodahead.render$check$fn__2810.invoke()Ljava/lang/Object; (114 bytes) @ 0x00007fbc317378de [0x00007fbc31737840+0x9e]
J 4307 C1 sodahead.render$check.invoke(Ljava/lang/Object;Ljava/lang/Object;)Ljava/lang/Object; (209 bytes) @ 0x00007fbc318fef6d [0x00007fbc318fea40+0x52d]
J 4908 C1 sodahead.render$gen_ns_file.invoke(Ljava/lang/Object;Ljava/lang/Object;)Ljava/lang/Object; (307 bytes) @ 0x00007fbc31a59a42 [0x00007fbc31a593a0+0x6a2]
J 4907 C1 sodahead.render$render_text.invoke(Ljava/lang/Object;Ljava/lang/Object;)Ljava/lang/Object; (123 bytes) @ 0x00007fbc31a589d5 [0x00007fbc31a588c0+0x115]
J 4906 C1 sodahead.render$render_file.invoke(Ljava/lang/Object;Ljava/lang/Object;)Ljava/lang/Object; (49 bytes) @ 0x00007fbc31a583c0 [0x00007fbc31a58240+0x180]
j  bokwang.handler$fn__5389831.invoke(Ljava/lang/Object;)Ljava/lang/Object;+156
J 5105 C1 compojure.core$make_route$fn__1480.invoke(Ljava/lang/Object;)Ljava/lang/Object; (64 bytes) @ 0x00007fbc31b021ae [0x00007fbc31b02120+0x8e]
J 3661 C1 compojure.core$if_route$fn__1464.invoke(Ljava/lang/Object;)Ljava/lang/Object; (104 bytes) @ 0x00007fbc317b752b [0x00007fbc317b72c0+0x26b]
J 3719 C1 compojure.core$if_method$fn__1457.invoke(Ljava/lang/Object;)Ljava/lang/Object; (211 bytes) @ 0x00007fbc317cbf37 [0x00007fbc317cb940+0x5f7]
J 3708 C1 compojure.core$routing$fn__1486.invoke(Ljava/lang/Object;)Ljava/lang/Object; (16 bytes) @ 0x00007fbc317c8749 [0x00007fbc317c86c0+0x89]
J 1798 C1 clojure.core$some.invoke(Ljava/lang/Object;Ljava/lang/Object;)Ljava/lang/Object; (99 bytes) @ 0x00007fbc3146fa8d [0x00007fbc3146f900+0x18d]
J 4620 C1 compojure.core$routing.doInvoke(Ljava/lang/Object;Ljava/lang/Object;)Ljava/lang/Object; (28 bytes) @ 0x00007fbc319c5a3f [0x00007fbc319c5940+0xff]
J 2052 C1 clojure.lang.RestFn.applyTo(Lclojure/lang/ISeq;)Ljava/lang/Object; (3076 bytes) @ 0x00007fbc3137caec [0x00007fbc313797c0+0x332c]
J 1600 C1 clojure.core$apply.invoke(Ljava/lang/Object;Ljava/lang/Object;Ljava/lang/Object;)Ljava/lang/Object; (35 bytes) @ 0x00007fbc313e915f [0x00007fbc313e9020+0x13f]
J 5419 C1 compojure.core$routes$fn__1490.invoke(Ljava/lang/Object;)Ljava/lang/Object; (28 bytes) @ 0x00007fbc3158a02c [0x00007fbc31589f80+0xac]
J 5250 C1 ring.middleware.keyword_params$wrap_keyword_params$fn__1915.invoke(Ljava/lang/Object;)Ljava/lang/Object; (30 bytes) @ 0x00007fbc31b5ae54 [0x00007fbc31b5ad60+0xf4]
J 5243 C1 ring.middleware.nested_params$wrap_nested_params$fn__1964.invoke(Ljava/lang/Object;)Ljava/lang/Object; (34 bytes) @ 0x00007fbc31b58cde [0x00007fbc31b58be0+0xfe]
J 5088 C1 ring.middleware.params$wrap_params$fn__1753.invoke(Ljava/lang/Object;)Ljava/lang/Object; (34 bytes) @ 0x00007fbc31af7ade [0x00007fbc31af79e0+0xfe]
J 4350 C1 ring.middleware.multipart_params$wrap_multipart_params$fn__2008.invoke(Ljava/lang/Object;)Ljava/lang/Object; (34 bytes) @ 0x00007fbc3190f61e [0x00007fbc3190f520+0xfe]
J 5087 C1 ring.middleware.flash$wrap_flash$fn__2641.invoke(Ljava/lang/Object;)Ljava/lang/Object; (83 bytes) @ 0x00007fbc31af73ff [0x00007fbc31af7300+0xff]
J 4787 C1 ring.middleware.session$wrap_session$fn__2621.invoke(Ljava/lang/Object;)Ljava/lang/Object; (57 bytes) @ 0x00007fbc31a1c140 [0x00007fbc31a1bfe0+0x160]
J 2091 C1 clojure.lang.Var.invoke(Ljava/lang/Object;)Ljava/lang/Object; (17 bytes) @ 0x00007fbc314e19fd [0x00007fbc314e1940+0xbd]
J 5636 C1 ring.middleware.reload$wrap_reload$fn__1131.invoke(Ljava/lang/Object;)Ljava/lang/Object; (334 bytes) @ 0x00007fbc31c59213 [0x00007fbc31c58aa0+0x773]
J 5635 C1 ring.middleware.stacktrace$wrap_stacktrace_log$fn__884.invoke(Ljava/lang/Object;)Ljava/lang/Object; (59 bytes) @ 0x00007fbc31c5fa0b [0x00007fbc31c5f980+0x8b]
J 5634 C1 ring.middleware.stacktrace$wrap_stacktrace_web$fn__946.invoke(Ljava/lang/Object;)Ljava/lang/Object; (44 bytes) @ 0x00007fbc31c5f4ee [0x00007fbc31c5f460+0x8e]
J 5577 C1 ring.adapter.jetty$proxy_handler$fn__96.invoke(Ljava/lang/Object;Ljava/lang/Object;Ljava/lang/Object;Ljava/lang/Object;Ljava/lang/Object;)Ljava/lang/Object; (102 bytes) @ 0x00007fbc31c46747 [0x00007fbc31c46640+0x107]
J 5576 C1 ring.adapter.jetty.proxy$org.eclipse.jetty.server.handler.AbstractHandler$ff19274a.handle(Ljava/lang/String;Lorg/eclipse/jetty/server/Request;Ljavax/servlet/http/HttpServletRequest;Ljavax/servlet/http/HttpServletResponse;)V (42 bytes) @ 0x00007fbc31c461ff [0x00007fbc31c460a0+0x15f]
J 5574 C1 org.eclipse.jetty.server.Server.handle(Lorg/eclipse/jetty/server/AbstractHttpConnection;)V (150 bytes) @ 0x00007fbc31c4502f [0x00007fbc31c44cc0+0x36f]
J 5407 C1 org.eclipse.jetty.server.AbstractHttpConnection.handleRequest()V (813 bytes) @ 0x00007fbc31bba6cb [0x00007fbc31bb9da0+0x92b]
J 5219 C1 org.eclipse.jetty.server.AbstractHttpConnection.headerComplete()V (460 bytes) @ 0x00007fbc31b4d2dd [0x00007fbc31b4cd20+0x5bd]
J 5218 C1 org.eclipse.jetty.server.AbstractHttpConnection$RequestHandler.headerComplete()V (8 bytes) @ 0x00007fbc31b4c8b7 [0x00007fbc31b4c880+0x37]
J 3863 C1 org.eclipse.jetty.http.HttpParser.parseNext()I (4276 bytes) @ 0x00007fbc31815bea [0x00007fbc31812c60+0x2f8a]
J 4226 C1 org.eclipse.jetty.http.HttpParser.parseAvailable()Z (59 bytes) @ 0x00007fbc318da37c [0x00007fbc318da340+0x3c]
J 4984 C1 org.eclipse.jetty.server.AsyncHttpConnection.handle()Lorg/eclipse/jetty/io/Connection; (795 bytes) @ 0x00007fbc31a8dd2a [0x00007fbc31a8dac0+0x26a]
J 5050 C1 org.eclipse.jetty.io.nio.SelectChannelEndPoint.handle()V (911 bytes) @ 0x00007fbc31acaf6f [0x00007fbc31acad40+0x22f]
J 4752 C1 org.eclipse.jetty.io.nio.SelectChannelEndPoint$1.run()V (8 bytes) @ 0x00007fbc31a0ebb7 [0x00007fbc31a0eb80+0x37]
J 3578 C1 org.eclipse.jetty.util.thread.QueuedThreadPool.runJob(Ljava/lang/Runnable;)V (7 bytes) @ 0x00007fbc3179037e [0x00007fbc31790340+0x3e]
j  org.eclipse.jetty.util.thread.QueuedThreadPool$3.run()V+47
j  java.lang.Thread.run()V+11
v  ~StubRoutines::call_stub
V  [libjvm.so+0x664086]  JavaCalls::call_helper(JavaValue*, methodHandle*, JavaCallArguments*, Thread*)+0x1056
V  [libjvm.so+0x664591]  JavaCalls::call_virtual(JavaValue*, KlassHandle, Symbol*, Symbol*, JavaCallArguments*, Thread*)+0x321
V  [libjvm.so+0x664a37]  JavaCalls::call_virtual(JavaValue*, Handle, KlassHandle, Symbol*, Symbol*, Thread*)+0x47
V  [libjvm.so+0x6dee3e]  thread_entry(JavaThread*, Thread*)+0x7e
V  [libjvm.so+0xa29e8f]  JavaThread::thread_main_inner()+0xdf
V  [libjvm.so+0xa29fbc]  JavaThread::run()+0x11c
V  [libjvm.so+0x8e7d48]  java_start(Thread*)+0x108
...<more frames>...

Java frames: (J=compiled Java code, j=interpreted, Vv=VM code)
J 519  java.lang.ClassLoader.defineClass1(Ljava/lang/String;[BIILjava/security/ProtectionDomain;Ljava/lang/String;)Ljava/lang/Class; (0 bytes) @ 0x00007fbc311cfd51 [0x00007fbc311cfcc0+0x91]
J 515 C1 java.lang.ClassLoader.defineClass(Ljava/lang/String;[BIILjava/security/ProtectionDomain;)Ljava/lang/Class; (43 bytes) @ 0x00007fbc311cf62f [0x00007fbc311cf540+0xef]
J 1450 C1 clojure.lang.DynamicClassLoader.defineClass(Ljava/lang/String;[BLjava/lang/Object;)Ljava/lang/Class; (43 bytes) @ 0x00007fbc31397cc4 [0x00007fbc31397c20+0xa4]
J 1344 C1 clojure.lang.Compiler$ObjExpr.getCompiledClass()Ljava/lang/Class; (48 bytes) @ 0x00007fbc31355db8 [0x00007fbc31355c20+0x198]
J 1312 C1 clojure.lang.Compiler$FnExpr.parse(Lclojure/lang/Compiler$C;Lclojure/lang/ISeq;Ljava/lang/String;)Lclojure/lang/Compiler$Expr; (1085 bytes) @ 0x00007fbc31344591 [0x00007fbc31341640+0x2f51]
J 993 C1 clojure.lang.Compiler.analyzeSeq(Lclojure/lang/Compiler$C;Lclojure/lang/ISeq;Ljava/lang/String;)Lclojure/lang/Compiler$Expr; (334 bytes) @ 0x00007fbc3128f83a [0x00007fbc3128ea20+0xe1a]
J 948 C1 clojure.lang.Compiler.analyze(Lclojure/lang/Compiler$C;Ljava/lang/Object;Ljava/lang/String;)Lclojure/lang/Compiler$Expr; (341 bytes) @ 0x00007fbc31277d95 [0x00007fbc31277300+0xa95]
J 1194 C1 clojure.lang.Compiler$InvokeExpr.parse(Lclojure/lang/Compiler$C;Lclojure/lang/ISeq;)Lclojure/lang/Compiler$Expr; (408 bytes) @ 0x00007fbc31301c68 [0x00007fbc31301c00+0x68]
J 993 C1 clojure.lang.Compiler.analyzeSeq(Lclojure/lang/Compiler$C;Lclojure/lang/ISeq;Ljava/lang/String;)Lclojure/lang/Compiler$Expr; (334 bytes) @ 0x00007fbc3128f7f9 [0x00007fbc3128ea20+0xdd9]
J 948 C1 clojure.lang.Compiler.analyze(Lclojure/lang/Compiler$C;Ljava/lang/Object;Ljava/lang/String;)Lclojure/lang/Compiler$Expr; (341 bytes) @ 0x00007fbc31277d95 [0x00007fbc31277300+0xa95]
J 2562 C1 clojure.lang.Compiler$TryExpr$Parser.parse(Lclojure/lang/Compiler$C;Ljava/lang/Object;)Lclojure/lang/Compiler$Expr; (671 bytes) @ 0x00007fbc315c44af [0x00007fbc315c27c0+0x1cef]
J 993 C1 clojure.lang.Compiler.analyzeSeq(Lclojure/lang/Compiler$C;Lclojure/lang/ISeq;Ljava/lang/String;)Lclojure/lang/Compiler$Expr; (334 bytes) @ 0x00007fbc3128f7c0 [0x00007fbc3128ea20+0xda0]
J 948 C1 clojure.lang.Compiler.analyze(Lclojure/lang/Compiler$C;Ljava/lang/Object;Ljava/lang/String;)Lclojure/lang/Compiler$Expr; (341 bytes) @ 0x00007fbc31277d95 [0x00007fbc31277300+0xa95]
J 2340 C1 clojure.lang.Compiler$VectorExpr.parse(Lclojure/lang/Compiler$C;Lclojure/lang/IPersistentVector;)Lclojure/lang/Compiler$Expr; (204 bytes) @ 0x00007fbc315515dd [0x00007fbc31551540+0x9d]
J 948 C1 clojure.lang.Compiler.analyze(Lclojure/lang/Compiler$C;Ljava/lang/Object;Ljava/lang/String;)Lclojure/lang/Compiler$Expr; (341 bytes) @ 0x00007fbc31277d2c [0x00007fbc31277300+0xa2c]
J 2854 C1 clojure.lang.Compiler$LetExpr$Parser.parse(Lclojure/lang/Compiler$C;Ljava/lang/Object;)Lclojure/lang/Compiler$Expr; (1046 bytes) @ 0x00007fbc31675734 [0x00007fbc31674b00+0xc34]
J 993 C1 clojure.lang.Compiler.analyzeSeq(Lclojure/lang/Compiler$C;Lclojure/lang/ISeq;Ljava/lang/String;)Lclojure/lang/Compiler$Expr; (334 bytes) @ 0x00007fbc3128f7c0 [0x00007fbc3128ea20+0xda0]
J 948 C1 clojure.lang.Compiler.analyze(Lclojure/lang/Compiler$C;Ljava/lang/Object;Ljava/lang/String;)Lclojure/lang/Compiler$Expr; (341 bytes) @ 0x00007fbc31277d95 [0x00007fbc31277300+0xa95]
J 993 C1 clojure.lang.Compiler.analyzeSeq(Lclojure/lang/Compiler$C;Lclojure/lang/ISeq;Ljava/lang/String;)Lclojure/lang/Compiler$Expr; (334 bytes) @ 0x00007fbc3128f924 [0x00007fbc3128ea20+0xf04]
J 948 C1 clojure.lang.Compiler.analyze(Lclojure/lang/Compiler$C;Ljava/lang/Object;Ljava/lang/String;)Lclojure/lang/Compiler$Expr; (341 bytes) @ 0x00007fbc31277d95 [0x00007fbc31277300+0xa95]
J 1293 C1 clojure.lang.Compiler$BodyExpr$Parser.parse(Lclojure/lang/Compiler$C;Ljava/lang/Object;)Lclojure/lang/Compiler$Expr; (129 bytes) @ 0x00007fbc31333eca [0x00007fbc31333be0+0x2ea]
J 1454 C1 clojure.lang.Compiler$FnMethod.parse(Lclojure/lang/Compiler$ObjExpr;Lclojure/lang/ISeq;Z)Lclojure/lang/Compiler$FnMethod; (904 bytes) @ 0x00007fbc3139b5d6 [0x00007fbc31399be0+0x19f6]
J 1312 C1 clojure.lang.Compiler$FnExpr.parse(Lclojure/lang/Compiler$C;Lclojure/lang/ISeq;Ljava/lang/String;)Lclojure/lang/Compiler$Expr; (1085 bytes) @ 0x00007fbc313438bb [0x00007fbc31341640+0x227b]
J 993 C1 clojure.lang.Compiler.analyzeSeq(Lclojure/lang/Compiler$C;Lclojure/lang/ISeq;Ljava/lang/String;)Lclojure/lang/Compiler$Expr; (334 bytes) @ 0x00007fbc3128f83a [0x00007fbc3128ea20+0xe1a]
J 948 C1 clojure.lang.Compiler.analyze(Lclojure/lang/Compiler$C;Ljava/lang/Object;Ljava/lang/String;)Lclojure/lang/Compiler$Expr; (341 bytes) @ 0x00007fbc31277d95 [0x00007fbc31277300+0xa95]
J 993 C1 clojure.lang.Compiler.analyzeSeq(Lclojure/lang/Compiler$C;Lclojure/lang/ISeq;Ljava/lang/String;)Lclojure/lang/Compiler$Expr; (334 bytes) @ 0x00007fbc3128f924 [0x00007fbc3128ea20+0xf04]
J 948 C1 clojure.lang.Compiler.analyze(Lclojure/lang/Compiler$C;Ljava/lang/Object;Ljava/lang/String;)Lclojure/lang/Compiler$Expr; (341 bytes) @ 0x00007fbc31277d95 [0x00007fbc31277300+0xa95]
J 3004 C1 clojure.lang.Compiler$DefExpr$Parser.parse(Lclojure/lang/Compiler$C;Ljava/lang/Object;)Lclojure/lang/Compiler$Expr; (520 bytes) @ 0x00007fbc316a75c6 [0x00007fbc316a5ee0+0x16e6]
J 993 C1 clojure.lang.Compiler.analyzeSeq(Lclojure/lang/Compiler$C;Lclojure/lang/ISeq;Ljava/lang/String;)Lclojure/lang/Compiler$Expr; (334 bytes) @ 0x00007fbc3128f7c0 [0x00007fbc3128ea20+0xda0]
J 948 C1 clojure.lang.Compiler.analyze(Lclojure/lang/Compiler$C;Ljava/lang/Object;Ljava/lang/String;)Lclojure/lang/Compiler$Expr; (341 bytes) @ 0x00007fbc31277d95 [0x00007fbc31277300+0xa95]
J 1507 C1 clojure.lang.Compiler.eval(Ljava/lang/Object;Z)Ljava/lang/Object; (393 bytes) @ 0x00007fbc313b99c0 [0x00007fbc313b8000+0x19c0]
J 2841 C1 clojure.lang.Compiler.load(Ljava/io/Reader;Ljava/lang/String;Ljava/lang/String;)Ljava/lang/Object; (478 bytes) @ 0x00007fbc31665b78 [0x00007fbc31664660+0x1518]
J 3335 C1 clojure.core$load_reader.invoke(Ljava/lang/Object;)Ljava/lang/Object; (10 bytes) @ 0x00007fbc317362f2 [0x00007fbc31736280+0x72]
J 3334 C1 clojure.core$load_string.invoke(Ljava/lang/Object;)Ljava/lang/Object; (42 bytes) @ 0x00007fbc31735cd4 [0x00007fbc31735a60+0x274]
J 3340 C1 sodahead.render$check$fn__2810.invoke()Ljava/lang/Object; (114 bytes) @ 0x00007fbc317378de [0x00007fbc31737840+0x9e]
J 4307 C1 sodahead.render$check.invoke(Ljava/lang/Object;Ljava/lang/Object;)Ljava/lang/Object; (209 bytes) @ 0x00007fbc318fef6d [0x00007fbc318fea40+0x52d]
J 4908 C1 sodahead.render$gen_ns_file.invoke(Ljava/lang/Object;Ljava/lang/Object;)Ljava/lang/Object; (307 bytes) @ 0x00007fbc31a59a42 [0x00007fbc31a593a0+0x6a2]
J 4907 C1 sodahead.render$render_text.invoke(Ljava/lang/Object;Ljava/lang/Object;)Ljava/lang/Object; (123 bytes) @ 0x00007fbc31a589d5 [0x00007fbc31a588c0+0x115]
J 4906 C1 sodahead.render$render_file.invoke(Ljava/lang/Object;Ljava/lang/Object;)Ljava/lang/Object; (49 bytes) @ 0x00007fbc31a583c0 [0x00007fbc31a58240+0x180]
j  bokwang.handler$fn__5389831.invoke(Ljava/lang/Object;)Ljava/lang/Object;+156
J 5105 C1 compojure.core$make_route$fn__1480.invoke(Ljava/lang/Object;)Ljava/lang/Object; (64 bytes) @ 0x00007fbc31b021ae [0x00007fbc31b02120+0x8e]
J 3661 C1 compojure.core$if_route$fn__1464.invoke(Ljava/lang/Object;)Ljava/lang/Object; (104 bytes) @ 0x00007fbc317b752b [0x00007fbc317b72c0+0x26b]
J 3719 C1 compojure.core$if_method$fn__1457.invoke(Ljava/lang/Object;)Ljava/lang/Object; (211 bytes) @ 0x00007fbc317cbf37 [0x00007fbc317cb940+0x5f7]
J 3708 C1 compojure.core$routing$fn__1486.invoke(Ljava/lang/Object;)Ljava/lang/Object; (16 bytes) @ 0x00007fbc317c8749 [0x00007fbc317c86c0+0x89]
J 1798 C1 clojure.core$some.invoke(Ljava/lang/Object;Ljava/lang/Object;)Ljava/lang/Object; (99 bytes) @ 0x00007fbc3146fa8d [0x00007fbc3146f900+0x18d]
J 4620 C1 compojure.core$routing.doInvoke(Ljava/lang/Object;Ljava/lang/Object;)Ljava/lang/Object; (28 bytes) @ 0x00007fbc319c5a3f [0x00007fbc319c5940+0xff]
J 2052 C1 clojure.lang.RestFn.applyTo(Lclojure/lang/ISeq;)Ljava/lang/Object; (3076 bytes) @ 0x00007fbc3137caec [0x00007fbc313797c0+0x332c]
J 1600 C1 clojure.core$apply.invoke(Ljava/lang/Object;Ljava/lang/Object;Ljava/lang/Object;)Ljava/lang/Object; (35 bytes) @ 0x00007fbc313e915f [0x00007fbc313e9020+0x13f]
J 5419 C1 compojure.core$routes$fn__1490.invoke(Ljava/lang/Object;)Ljava/lang/Object; (28 bytes) @ 0x00007fbc3158a02c [0x00007fbc31589f80+0xac]
J 5250 C1 ring.middleware.keyword_params$wrap_keyword_params$fn__1915.invoke(Ljava/lang/Object;)Ljava/lang/Object; (30 bytes) @ 0x00007fbc31b5ae54 [0x00007fbc31b5ad60+0xf4]
J 5243 C1 ring.middleware.nested_params$wrap_nested_params$fn__1964.invoke(Ljava/lang/Object;)Ljava/lang/Object; (34 bytes) @ 0x00007fbc31b58cde [0x00007fbc31b58be0+0xfe]
J 5088 C1 ring.middleware.params$wrap_params$fn__1753.invoke(Ljava/lang/Object;)Ljava/lang/Object; (34 bytes) @ 0x00007fbc31af7ade [0x00007fbc31af79e0+0xfe]
J 4350 C1 ring.middleware.multipart_params$wrap_multipart_params$fn__2008.invoke(Ljava/lang/Object;)Ljava/lang/Object; (34 bytes) @ 0x00007fbc3190f61e [0x00007fbc3190f520+0xfe]
J 5087 C1 ring.middleware.flash$wrap_flash$fn__2641.invoke(Ljava/lang/Object;)Ljava/lang/Object; (83 bytes) @ 0x00007fbc31af73ff [0x00007fbc31af7300+0xff]
J 4787 C1 ring.middleware.session$wrap_session$fn__2621.invoke(Ljava/lang/Object;)Ljava/lang/Object; (57 bytes) @ 0x00007fbc31a1c140 [0x00007fbc31a1bfe0+0x160]
J 2091 C1 clojure.lang.Var.invoke(Ljava/lang/Object;)Ljava/lang/Object; (17 bytes) @ 0x00007fbc314e19fd [0x00007fbc314e1940+0xbd]
J 5636 C1 ring.middleware.reload$wrap_reload$fn__1131.invoke(Ljava/lang/Object;)Ljava/lang/Object; (334 bytes) @ 0x00007fbc31c59213 [0x00007fbc31c58aa0+0x773]
J 5635 C1 ring.middleware.stacktrace$wrap_stacktrace_log$fn__884.invoke(Ljava/lang/Object;)Ljava/lang/Object; (59 bytes) @ 0x00007fbc31c5fa0b [0x00007fbc31c5f980+0x8b]
J 5634 C1 ring.middleware.stacktrace$wrap_stacktrace_web$fn__946.invoke(Ljava/lang/Object;)Ljava/lang/Object; (44 bytes) @ 0x00007fbc31c5f4ee [0x00007fbc31c5f460+0x8e]
J 5577 C1 ring.adapter.jetty$proxy_handler$fn__96.invoke(Ljava/lang/Object;Ljava/lang/Object;Ljava/lang/Object;Ljava/lang/Object;Ljava/lang/Object;)Ljava/lang/Object; (102 bytes) @ 0x00007fbc31c46747 [0x00007fbc31c46640+0x107]
J 5576 C1 ring.adapter.jetty.proxy$org.eclipse.jetty.server.handler.AbstractHandler$ff19274a.handle(Ljava/lang/String;Lorg/eclipse/jetty/server/Request;Ljavax/servlet/http/HttpServletRequest;Ljavax/servlet/http/HttpServletResponse;)V (42 bytes) @ 0x00007fbc31c461ff [0x00007fbc31c460a0+0x15f]
J 5574 C1 org.eclipse.jetty.server.Server.handle(Lorg/eclipse/jetty/server/AbstractHttpConnection;)V (150 bytes) @ 0x00007fbc31c4502f [0x00007fbc31c44cc0+0x36f]
J 5407 C1 org.eclipse.jetty.server.AbstractHttpConnection.handleRequest()V (813 bytes) @ 0x00007fbc31bba6cb [0x00007fbc31bb9da0+0x92b]
J 5219 C1 org.eclipse.jetty.server.AbstractHttpConnection.headerComplete()V (460 bytes) @ 0x00007fbc31b4d2dd [0x00007fbc31b4cd20+0x5bd]
J 5218 C1 org.eclipse.jetty.server.AbstractHttpConnection$RequestHandler.headerComplete()V (8 bytes) @ 0x00007fbc31b4c8b7 [0x00007fbc31b4c880+0x37]
J 3863 C1 org.eclipse.jetty.http.HttpParser.parseNext()I (4276 bytes) @ 0x00007fbc31815bea [0x00007fbc31812c60+0x2f8a]
J 4226 C1 org.eclipse.jetty.http.HttpParser.parseAvailable()Z (59 bytes) @ 0x00007fbc318da37c [0x00007fbc318da340+0x3c]
J 4984 C1 org.eclipse.jetty.server.AsyncHttpConnection.handle()Lorg/eclipse/jetty/io/Connection; (795 bytes) @ 0x00007fbc31a8dd2a [0x00007fbc31a8dac0+0x26a]
J 5050 C1 org.eclipse.jetty.io.nio.SelectChannelEndPoint.handle()V (911 bytes) @ 0x00007fbc31acaf6f [0x00007fbc31acad40+0x22f]
J 4752 C1 org.eclipse.jetty.io.nio.SelectChannelEndPoint$1.run()V (8 bytes) @ 0x00007fbc31a0ebb7 [0x00007fbc31a0eb80+0x37]
J 3578 C1 org.eclipse.jetty.util.thread.QueuedThreadPool.runJob(Ljava/lang/Runnable;)V (7 bytes) @ 0x00007fbc3179037e [0x00007fbc31790340+0x3e]
j  org.eclipse.jetty.util.thread.QueuedThreadPool$3.run()V+47
j  java.lang.Thread.run()V+11
v  ~StubRoutines::call_stub

---------------  P R O C E S S  ---------------

Java Threads: ( => current thread )
  0x00007fbc18021000 JavaThread "qtp1927061405-40" [_thread_blocked, id=28545, stack(0x00007fbc0f965000,0x00007fbc0fa66000)]
=>0x00007fbc18002000 JavaThread "qtp1927061405-39" [_thread_in_vm, id=28544, stack(0x00007fbc11665000,0x00007fbc11766000)]
  0x00007fbc2828d800 JavaThread "Thread-14" daemon [_thread_blocked, id=12037, stack(0x00007fbc11564000,0x00007fbc11665000)]
  0x00007fbc4099c000 JavaThread "commons-pool-EvictionTimer" daemon [_thread_blocked, id=8967, stack(0x00007fbc1038a000,0x00007fbc1048b000)]
  0x00007fbc2801f000 JavaThread "Java2D Disposer" daemon [_thread_blocked, id=8965, stack(0x00007fbc0f2ea000,0x00007fbc0f3eb000)]
  0x00007fbc4000d000 JavaThread "DestroyJavaVM" [_thread_blocked, id=8933, stack(0x00007fbc482b5000,0x00007fbc483b6000)]
  0x00007fbc24009000 JavaThread "TimerQueue" daemon [_thread_blocked, id=8961, stack(0x00007fbc0fe87000,0x00007fbc0ff88000)]
  0x00007fbc40814000 JavaThread "SwingWorker-pool-1-thread-1" daemon [_thread_blocked, id=8960, stack(0x00007fbc0ff88000,0x00007fbc10089000)]
  0x00007fbc40855800 JavaThread "Thread-8" [_thread_blocked, id=8953, stack(0x00007fbc11766000,0x00007fbc11867000)]
  0x00007fbc4083e000 JavaThread "qtp1927061405-14" [_thread_blocked, id=8951, stack(0x00007fbc11b79000,0x00007fbc11c7a000)]
  0x00007fbc40817000 JavaThread "qtp1927061405-12" [_thread_blocked, id=8949, stack(0x00007fbc11d7b000,0x00007fbc11e7c000)]
  0x00007fbc40832000 JavaThread "qtp1927061405-11" [_thread_blocked, id=8948, stack(0x00007fbc11e7c000,0x00007fbc11f7d000)]
  0x00007fbc4081b800 JavaThread "qtp1927061405-10" [_thread_blocked, id=8947, stack(0x00007fbc11f7d000,0x00007fbc1207e000)]
  0x00007fbc4081b000 JavaThread "qtp1927061405-9 Acceptor0 SelectChannelConnector@0.0.0.0:3000" [_thread_in_native, id=8946, stack(0x00007fbc1207e000,0x00007fbc1217f000)]
  0x00007fbc40823000 JavaThread "qtp1927061405-8 Selector0" [_thread_in_native, id=8945, stack(0x00007fbc30088000,0x00007fbc30189000)]
  0x00007fbc400ac000 JavaThread "Service Thread" daemon [_thread_blocked, id=8943, stack(0x00007fbc30b35000,0x00007fbc30c36000)]
  0x00007fbc400a7000 JavaThread "C1 CompilerThread1" daemon [_thread_blocked, id=8942, stack(0x00007fbc30c36000,0x00007fbc30d37000)]
  0x00007fbc400a5000 JavaThread "C2 CompilerThread0" daemon [_thread_blocked, id=8941, stack(0x00007fbc4409a000,0x00007fbc4419b000)]
  0x00007fbc400a3000 JavaThread "Signal Dispatcher" daemon [_thread_blocked, id=8940, stack(0x00007fbc4419b000,0x00007fbc4429c000)]
  0x00007fbc40076000 JavaThread "Finalizer" daemon [_thread_blocked, id=8939, stack(0x00007fbc4429c000,0x00007fbc4439d000)]
  0x00007fbc40073800 JavaThread "Reference Handler" daemon [_thread_blocked, id=8938, stack(0x00007fbc4439d000,0x00007fbc4449e000)]

Other Threads:
  0x00007fbc4006c800 VMThread [stack: 0x00007fbc4449e000,0x00007fbc4459f000] [id=8937]
  0x00007fbc400b1800 WatcherThread [stack: 0x00007fbc30a34000,0x00007fbc30b35000] [id=8944]

VM state:not at safepoint (normal execution)

VM Mutex/Monitor currently owned by a thread: None

Heap:
 def new generation   total 73728K, used 30074K [0x00000000f0800000, 0x00000000f5800000, 0x00000000f5aa0000)
  eden space 65536K,  39% used [0x00000000f0800000, 0x00000000f2144270, 0x00000000f4800000)
  from space 8192K,  51% used [0x00000000f5000000, 0x00000000f541a650, 0x00000000f5800000)
  to   space 8192K,   0% used [0x00000000f4800000, 0x00000000f4800000, 0x00000000f5000000)
 tenured generation   total 163676K, used 159171K [0x00000000f5aa0000, 0x00000000ffa77000, 0x0000000100000000)
   the space 163676K,  97% used [0x00000000f5aa0000, 0x00000000ff610dc0, 0x00000000ff610e00, 0x00000000ffa77000)
 Metaspace       used 346699K, capacity 551633K, committed 585648K, reserved 1374208K
  class space    used 157359K, capacity 227037K, committed 261040K, reserved 1048576K

Card table byte_map: [0x00007fbc48230000,0x00007fbc482ad000] byte_map_base: 0x00007fbc47aac000

Polling page: 0x00007fbc483be000

CodeCache: size=245760Kb used=13188Kb max_used=13188Kb free=232571Kb
 bounds [0x00007fbc31000000, 0x00007fbc31cf0000, 0x00007fbc40000000]
 total_blobs=6269 nmethods=5737 adapters=446
 compilation: enabled

Compilation events (10 events):
Event: 950101.555 Thread 0x00007fbc400a7000 5810       1       bokwang.session$cache$fn__304109::<init> (26 bytes)
Event: 950101.555 Thread 0x00007fbc400a7000 nmethod 5810 0x00007fbc31cdf790 code [0x00007fbc31cdf8e0, 0x00007fbc31cdfa30]
Event: 950101.556 Thread 0x00007fbc400a7000 5811   !   1       bokwang.session$cache$fn__304109::invoke (492 bytes)
Event: 950101.563 Thread 0x00007fbc400a7000 nmethod 5811 0x00007fbc31cdfa90 code [0x00007fbc31cdfd80, 0x00007fbc31ce0b30]
Event: 954403.367 Thread 0x00007fbc400a7000 5812       1       clojure.core$reduce::invoke (54 bytes)
Event: 954403.378 Thread 0x00007fbc400a7000 nmethod 5812 0x00007fbc31ce1750 code [0x00007fbc31ce18e0, 0x00007fbc31ce1b50]
Event: 954403.378 Thread 0x00007fbc400a7000 5813       1       clojure.core.protocols$fn__6031$G__6026__6044::invoke (99 bytes)
Event: 954403.379 Thread 0x00007fbc400a7000 nmethod 5813 0x00007fbc31ce1c90 code [0x00007fbc31ce1e40, 0x00007fbc31ce21d0]
Event: 954403.380 Thread 0x00007fbc400a7000 5814       1       clojure.core.protocols$seq_reduce::invoke (154 bytes)
Event: 954403.381 Thread 0x00007fbc400a7000 nmethod 5814 0x00007fbc31ce2450 code [0x00007fbc31ce2660, 0x00007fbc31ce2bb8]

GC Heap History (10 events):
Event: 962459.638 GC heap before
{Heap before GC invocations=9933 (full 59):
 def new generation   total 73728K, used 69686K [0x00000000f0800000, 0x00000000f5800000, 0x00000000f5aa0000)
  eden space 65536K, 100% used [0x00000000f0800000, 0x00000000f4800000, 0x00000000f4800000)
  from space 8192K,  50% used [0x00000000f4800000, 0x00000000f4c0dac0, 0x00000000f5000000)
  to   space 8192K,   0% used [0x00000000f5000000, 0x00000000f5000000, 0x00000000f5800000)
 tenured generation   total 163676K, used 156841K [0x00000000f5aa0000, 0x00000000ffa77000, 0x0000000100000000)
   the space 163676K,  95% used [0x00000000f5aa0000, 0x00000000ff3ca5a8, 0x00000000ff3ca600, 0x00000000ffa77000)
 Metaspace       used 340358K, capacity 540199K, committed 579504K, reserved 1368064K
  class space    used 154316K, capacity 221987K, committed 261040K, reserved 1048576K
Event: 962459.796 GC heap after
Heap after GC invocations=9934 (full 59):
 def new generation   total 73728K, used 4239K [0x00000000f0800000, 0x00000000f5800000, 0x00000000f5aa0000)
  eden space 65536K,   0% used [0x00000000f0800000, 0x00000000f0800000, 0x00000000f4800000)
  from space 8192K,  51% used [0x00000000f5000000, 0x00000000f5423f78, 0x00000000f5800000)
  to   space 8192K,   0% used [0x00000000f4800000, 0x00000000f4800000, 0x00000000f5000000)
 tenured generation   total 163676K, used 157373K [0x00000000f5aa0000, 0x00000000ffa77000, 0x0000000100000000)
   the space 163676K,  96% used [0x00000000f5aa0000, 0x00000000ff44f698, 0x00000000ff44f800, 0x00000000ffa77000)
 Metaspace       used 340358K, capacity 540199K, committed 579504K, reserved 1368064K
  class space    used 154316K, capacity 221987K, committed 261040K, reserved 1048576K
}
Event: 962478.313 GC heap before
{Heap before GC invocations=9934 (full 59):
 def new generation   total 73728K, used 69775K [0x00000000f0800000, 0x00000000f5800000, 0x00000000f5aa0000)
  eden space 65536K, 100% used [0x00000000f0800000, 0x00000000f4800000, 0x00000000f4800000)
  from space 8192K,  51% used [0x00000000f5000000, 0x00000000f5423f78, 0x00000000f5800000)
  to   space 8192K,   0% used [0x00000000f4800000, 0x00000000f4800000, 0x00000000f5000000)
 tenured generation   total 163676K, used 157373K [0x00000000f5aa0000, 0x00000000ffa77000, 0x0000000100000000)
   the space 163676K,  96% used [0x00000000f5aa0000, 0x00000000ff44f698, 0x00000000ff44f800, 0x00000000ffa77000)
 Metaspace       used 341426K, capacity 541927K, committed 580272K, reserved 1368064K
  class space    used 154821K, capacity 222783K, committed 261040K, reserved 1048576K
Event: 962478.357 GC heap after
Heap after GC invocations=9935 (full 59):
 def new generation   total 73728K, used 3970K [0x00000000f0800000, 0x00000000f5800000, 0x00000000f5aa0000)
  eden space 65536K,   0% used [0x00000000f0800000, 0x00000000f0800000, 0x00000000f4800000)
  from space 8192K,  48% used [0x00000000f4800000, 0x00000000f4be09a0, 0x00000000f5000000)
  to   space 8192K,   0% used [0x00000000f5000000, 0x00000000f5000000, 0x00000000f5800000)
 tenured generation   total 163676K, used 157878K [0x00000000f5aa0000, 0x00000000ffa77000, 0x0000000100000000)
   the space 163676K,  96% used [0x00000000f5aa0000, 0x00000000ff4cdb00, 0x00000000ff4cdc00, 0x00000000ffa77000)
 Metaspace       used 341426K, capacity 541927K, committed 580272K, reserved 1368064K
  class space    used 154821K, capacity 222783K, committed 261040K, reserved 1048576K
}
Event: 962479.514 GC heap before
{Heap before GC invocations=9935 (full 59):
 def new generation   total 73728K, used 69506K [0x00000000f0800000, 0x00000000f5800000, 0x00000000f5aa0000)
  eden space 65536K, 100% used [0x00000000f0800000, 0x00000000f4800000, 0x00000000f4800000)
  from space 8192K,  48% used [0x00000000f4800000, 0x00000000f4be09a0, 0x00000000f5000000)
  to   space 8192K,   0% used [0x00000000f5000000, 0x00000000f5000000, 0x00000000f5800000)
 tenured generation   total 163676K, used 157878K [0x00000000f5aa0000, 0x00000000ffa77000, 0x0000000100000000)
   the space 163676K,  96% used [0x00000000f5aa0000, 0x00000000ff4cdb00, 0x00000000ff4cdc00, 0x00000000ffa77000)
 Metaspace       used 343233K, capacity 545663K, committed 582320K, reserved 1370112K
  class space    used 155709K, capacity 224495K, committed 261040K, reserved 1048576K
Event: 962479.582 GC heap after
Heap after GC invocations=9936 (full 59):
 def new generation   total 73728K, used 4708K [0x00000000f0800000, 0x00000000f5800000, 0x00000000f5aa0000)
  eden space 65536K,   0% used [0x00000000f0800000, 0x00000000f0800000, 0x00000000f4800000)
  from space 8192K,  57% used [0x00000000f5000000, 0x00000000f5499318, 0x00000000f5800000)
  to   space 8192K,   0% used [0x00000000f4800000, 0x00000000f4800000, 0x00000000f5000000)
 tenured generation   total 163676K, used 157878K [0x00000000f5aa0000, 0x00000000ffa77000, 0x0000000100000000)
   the space 163676K,  96% used [0x00000000f5aa0000, 0x00000000ff4cdb00, 0x00000000ff4cdc00, 0x00000000ffa77000)
 Metaspace       used 343233K, capacity 545663K, committed 582320K, reserved 1370112K
  class space    used 155709K, capacity 224495K, committed 261040K, reserved 1048576K
}
Event: 962480.824 GC heap before
{Heap before GC invocations=9936 (full 59):
 def new generation   total 73728K, used 70244K [0x00000000f0800000, 0x00000000f5800000, 0x00000000f5aa0000)
  eden space 65536K, 100% used [0x00000000f0800000, 0x00000000f4800000, 0x00000000f4800000)
  from space 8192K,  57% used [0x00000000f5000000, 0x00000000f5499318, 0x00000000f5800000)
  to   space 8192K,   0% used [0x00000000f4800000, 0x00000000f4800000, 0x00000000f5000000)
 tenured generation   total 163676K, used 157878K [0x00000000f5aa0000, 0x00000000ffa77000, 0x0000000100000000)
   the space 163676K,  96% used [0x00000000f5aa0000, 0x00000000ff4cdb00, 0x00000000ff4cdc00, 0x00000000ffa77000)
 Metaspace       used 345223K, capacity 549255K, committed 584624K, reserved 1372160K
  class space    used 156673K, capacity 225863K, committed 261040K, reserved 1048576K
Event: 962480.893 GC heap after
Heap after GC invocations=9937 (full 59):
 def new generation   total 73728K, used 4382K [0x00000000f0800000, 0x00000000f5800000, 0x00000000f5aa0000)
  eden space 65536K,   0% used [0x00000000f0800000, 0x00000000f0800000, 0x00000000f4800000)
  from space 8192K,  53% used [0x00000000f4800000, 0x00000000f4c47a70, 0x00000000f5000000)
  to   space 8192K,   0% used [0x00000000f5000000, 0x00000000f5000000, 0x00000000f5800000)
 tenured generation   total 163676K, used 158742K [0x00000000f5aa0000, 0x00000000ffa77000, 0x0000000100000000)
   the space 163676K,  96% used [0x00000000f5aa0000, 0x00000000ff5a5910, 0x00000000ff5a5a00, 0x00000000ffa77000)
 Metaspace       used 345223K, capacity 549255K, committed 584624K, reserved 1372160K
  class space    used 156673K, capacity 225863K, committed 261040K, reserved 1048576K
}
Event: 962488.561 GC heap before
{Heap before GC invocations=9937 (full 59):
 def new generation   total 73728K, used 69918K [0x00000000f0800000, 0x00000000f5800000, 0x00000000f5aa0000)
  eden space 65536K, 100% used [0x00000000f0800000, 0x00000000f4800000, 0x00000000f4800000)
  from space 8192K,  53% used [0x00000000f4800000, 0x00000000f4c47a70, 0x00000000f5000000)
  to   space 8192K,   0% used [0x00000000f5000000, 0x00000000f5000000, 0x00000000f5800000)
 tenured generation   total 163676K, used 158742K [0x00000000f5aa0000, 0x00000000ffa77000, 0x0000000100000000)
   the space 163676K,  96% used [0x00000000f5aa0000, 0x00000000ff5a5910, 0x00000000ff5a5a00, 0x00000000ffa77000)
 Metaspace       used 346175K, capacity 550717K, committed 585392K, reserved 1374208K
  class space    used 157106K, capacity 226537K, committed 261040K, reserved 1048576K
Event: 962488.629 GC heap after
Heap after GC invocations=9938 (full 59):
 def new generation   total 73728K, used 4201K [0x00000000f0800000, 0x00000000f5800000, 0x00000000f5aa0000)
  eden space 65536K,   0% used [0x00000000f0800000, 0x00000000f0800000, 0x00000000f4800000)
  from space 8192K,  51% used [0x00000000f5000000, 0x00000000f541a650, 0x00000000f5800000)
  to   space 8192K,   0% used [0x00000000f4800000, 0x00000000f4800000, 0x00000000f5000000)
 tenured generation   total 163676K, used 159171K [0x00000000f5aa0000, 0x00000000ffa77000, 0x0000000100000000)
   the space 163676K,  97% used [0x00000000f5aa0000, 0x00000000ff610dc0, 0x00000000ff610e00, 0x00000000ffa77000)
 Metaspace       used 346175K, capacity 550717K, committed 585392K, reserved 1374208K
  class space    used 157106K, capacity 226537K, committed 261040K, reserved 1048576K
}

Deoptimization events (0 events):
No events

Internal exceptions (10 events):
Event: 962489.131 Thread 0x00007fbc18002000 Exception <a 'java/security/PrivilegedActionException'> (0x00000000f1fed740) thrown at [/HUDSON/workspace/8-2-build-linux-amd64/jdk8u25/1514/hotspot/src/share/vm/prims/jvm.cpp, line 1312]
Event: 962489.131 Thread 0x00007fbc18002000 Exception <a 'java/security/PrivilegedActionException'> (0x00000000f1ff41a0) thrown at [/HUDSON/workspace/8-2-build-linux-amd64/jdk8u25/1514/hotspot/src/share/vm/prims/jvm.cpp, line 1312]
Event: 962489.131 Thread 0x00007fbc18002000 Exception <a 'java/security/PrivilegedActionException'> (0x00000000f1ff4bc8) thrown at [/HUDSON/workspace/8-2-build-linux-amd64/jdk8u25/1514/hotspot/src/share/vm/prims/jvm.cpp, line 1312]
Event: 962489.131 Thread 0x00007fbc18002000 Exception <a 'java/security/PrivilegedActionException'> (0x00000000f1ff55f0) thrown at [/HUDSON/workspace/8-2-build-linux-amd64/jdk8u25/1514/hotspot/src/share/vm/prims/jvm.cpp, line 1312]
Event: 962489.131 Thread 0x00007fbc18002000 Exception <a 'java/security/PrivilegedActionException'> (0x00000000f1ff6018) thrown at [/HUDSON/workspace/8-2-build-linux-amd64/jdk8u25/1514/hotspot/src/share/vm/prims/jvm.cpp, line 1312]
Event: 962489.131 Thread 0x00007fbc18002000 Exception <a 'java/security/PrivilegedActionException'> (0x00000000f1ff7128) thrown at [/HUDSON/workspace/8-2-build-linux-amd64/jdk8u25/1514/hotspot/src/share/vm/prims/jvm.cpp, line 1312]
Event: 962489.132 Thread 0x00007fbc18002000 Exception <a 'java/security/PrivilegedActionException'> (0x00000000f1ffdd18) thrown at [/HUDSON/workspace/8-2-build-linux-amd64/jdk8u25/1514/hotspot/src/share/vm/prims/jvm.cpp, line 1312]
Event: 962489.132 Thread 0x00007fbc18002000 Exception <a 'java/security/PrivilegedActionException'> (0x00000000f1ffe740) thrown at [/HUDSON/workspace/8-2-build-linux-amd64/jdk8u25/1514/hotspot/src/share/vm/prims/jvm.cpp, line 1312]
Event: 962489.132 Thread 0x00007fbc18002000 Exception <a 'java/security/PrivilegedActionException'> (0x00000000f1fff168) thrown at [/HUDSON/workspace/8-2-build-linux-amd64/jdk8u25/1514/hotspot/src/share/vm/prims/jvm.cpp, line 1312]
Event: 962489.132 Thread 0x00007fbc18002000 Exception <a 'java/security/PrivilegedActionException'> (0x00000000f1fffb90) thrown at [/HUDSON/workspace/8-2-build-linux-amd64/jdk8u25/1514/hotspot/src/share/vm/prims/jvm.cpp, line 1312]

Events (10 events):
Event: 962489.087 loading class loading__4958__auto__
Event: 962489.087 loading class loading__4958__auto__ done
Event: 962489.110 loading class loading__4958__auto__
Event: 962489.110 loading class loading__4958__auto__ done
Event: 962489.111 loading class loading__4958__auto__
Event: 962489.111 loading class loading__4958__auto__ done
Event: 962489.131 loading class loading__4958__auto__
Event: 962489.131 loading class loading__4958__auto__ done
Event: 962489.131 loading class loading__4958__auto__
Event: 962489.131 loading class loading__4958__auto__ done


Dynamic libraries:
00400000-00401000 r-xp 00000000 ca:00 172240                             /usr/lib/jvm/java-8-oracle/jre/bin/java
00600000-00601000 rw-p 00000000 ca:00 172240                             /usr/lib/jvm/java-8-oracle/jre/bin/java
01b59000-01b7a000 rw-p 00000000 00:00 0                                  [heap]
f0800000-f5800000 rw-p 00000000 00:00 0 
f5800000-f5aa0000 ---p 00000000 00:00 0 
f5aa0000-ffa77000 rw-p 00000000 00:00 0 
ffa77000-100000000 ---p 00000000 00:00 0 
100000000-10feec000 rw-p 00000000 00:00 0 
10feec000-140000000 ---p 00000000 00:00 0 
7fbbfc062000-7fbbfc262000 rw-p 00000000 00:00 0 
7fbbfc262000-7fbbfc462000 rw-p 00000000 00:00 0 
7fbbfc462000-7fbbfc662000 rw-p 00000000 00:00 0 
7fbbfc662000-7fbbfc862000 rw-p 00000000 00:00 0 
7fbbfc862000-7fbbfca62000 rw-p 00000000 00:00 0 
7fbbff062000-7fbbff162000 rw-p 00000000 00:00 0 
7fbbff1a2000-7fbbff262000 ---p 00000000 00:00 0 
7fbbff262000-7fbbff462000 rw-p 00000000 00:00 0 
7fbbff462000-7fbbff662000 rw-p 00000000 00:00 0 
7fbbff662000-7fbbff862000 rw-p 00000000 00:00 0 
7fbbff862000-7fbbffa62000 rw-p 00000000 00:00 0 
7fbbffa62000-7fbbffc62000 rw-p 00000000 00:00 0 
7fbbffc62000-7fbbffe62000 rw-p 00000000 00:00 0 
7fbbffe62000-7fbc00062000 rw-p 00000000 00:00 0 
7fbc00062000-7fbc00262000 rw-p 00000000 00:00 0 
7fbc00262000-7fbc00462000 rw-p 00000000 00:00 0 
7fbc00462000-7fbc00662000 rw-p 00000000 00:00 0 
7fbc00662000-7fbc00862000 rw-p 00000000 00:00 0 
7fbc00862000-7fbc00a62000 rw-p 00000000 00:00 0 
7fbc00a62000-7fbc00c62000 rw-p 00000000 00:00 0 
7fbc00c62000-7fbc00e62000 rw-p 00000000 00:00 0 
7fbc00e62000-7fbc01062000 rw-p 00000000 00:00 0 
7fbc01062000-7fbc01262000 rw-p 00000000 00:00 0 
7fbc01262000-7fbc01462000 rw-p 00000000 00:00 0 
7fbc01462000-7fbc01662000 rw-p 00000000 00:00 0 
7fbc01662000-7fbc01862000 rw-p 00000000 00:00 0 
7fbc01862000-7fbc01a62000 rw-p 00000000 00:00 0 
7fbc01a62000-7fbc01c62000 rw-p 00000000 00:00 0 
7fbc01c62000-7fbc01e62000 rw-p 00000000 00:00 0 
7fbc01e62000-7fbc02062000 rw-p 00000000 00:00 0 
7fbc02062000-7fbc02262000 rw-p 00000000 00:00 0 
7fbc02262000-7fbc02462000 rw-p 00000000 00:00 0 
7fbc02462000-7fbc02862000 rw-p 00000000 00:00 0 
7fbc02862000-7fbc02a62000 rw-p 00000000 00:00 0 
7fbc02a62000-7fbc02c62000 rw-p 00000000 00:00 0 
7fbc02c62000-7fbc02e62000 rw-p 00000000 00:00 0 
7fbc02e62000-7fbc03062000 rw-p 00000000 00:00 0 
7fbc03062000-7fbc03262000 rw-p 00000000 00:00 0 
7fbc03262000-7fbc03462000 rw-p 00000000 00:00 0 
7fbc03462000-7fbc03662000 rw-p 00000000 00:00 0 
7fbc03662000-7fbc03862000 rw-p 00000000 00:00 0 
7fbc03862000-7fbc03a62000 rw-p 00000000 00:00 0 
7fbc03a62000-7fbc03c62000 rw-p 00000000 00:00 0 
7fbc03c62000-7fbc03e62000 rw-p 00000000 00:00 0 
7fbc03e62000-7fbc04062000 rw-p 00000000 00:00 0 
7fbc04062000-7fbc04262000 rw-p 00000000 00:00 0 
7fbc04262000-7fbc04462000 rw-p 00000000 00:00 0 
7fbc04462000-7fbc04662000 rw-p 00000000 00:00 0 
7fbc04662000-7fbc04862000 rw-p 00000000 00:00 0 
7fbc04862000-7fbc04a62000 rw-p 00000000 00:00 0 
7fbc04a62000-7fbc04c62000 rw-p 00000000 00:00 0 
7fbc04c62000-7fbc04e62000 rw-p 00000000 00:00 0 
7fbc04e62000-7fbc05062000 rw-p 00000000 00:00 0 
7fbc05062000-7fbc05262000 rw-p 00000000 00:00 0 
7fbc05262000-7fbc05462000 rw-p 00000000 00:00 0 
7fbc05462000-7fbc05662000 rw-p 00000000 00:00 0 
7fbc05662000-7fbc05a62000 rw-p 00000000 00:00 0 
7fbc05a62000-7fbc05c62000 rw-p 00000000 00:00 0 
7fbc05c62000-7fbc05e62000 rw-p 00000000 00:00 0 
7fbc05e62000-7fbc06062000 rw-p 00000000 00:00 0 
7fbc06062000-7fbc06262000 rw-p 00000000 00:00 0 
7fbc06262000-7fbc06462000 rw-p 00000000 00:00 0 
7fbc06462000-7fbc06662000 rw-p 00000000 00:00 0 
7fbc06662000-7fbc06862000 rw-p 00000000 00:00 0 
7fbc06862000-7fbc06c62000 rw-p 00000000 00:00 0 
7fbc06c62000-7fbc06e62000 rw-p 00000000 00:00 0 
7fbc06e62000-7fbc07062000 rw-p 00000000 00:00 0 
7fbc07062000-7fbc07262000 rw-p 00000000 00:00 0 
7fbc07262000-7fbc07462000 rw-p 00000000 00:00 0 
7fbc07462000-7fbc07662000 rw-p 00000000 00:00 0 
7fbc07662000-7fbc07862000 rw-p 00000000 00:00 0 
7fbc07862000-7fbc07a62000 rw-p 00000000 00:00 0 
7fbc07a62000-7fbc07c62000 rw-p 00000000 00:00 0 
7fbc07c62000-7fbc07e62000 rw-p 00000000 00:00 0 
7fbc07e62000-7fbc08062000 rw-p 00000000 00:00 0 
7fbc08062000-7fbc08262000 rw-p 00000000 00:00 0 
7fbc08262000-7fbc08662000 rw-p 00000000 00:00 0 
7fbc08662000-7fbc08862000 rw-p 00000000 00:00 0 
7fbc08862000-7fbc08a62000 rw-p 00000000 00:00 0 
7fbc08a62000-7fbc08c62000 rw-p 00000000 00:00 0 
7fbc08c62000-7fbc09062000 rw-p 00000000 00:00 0 
7fbc09062000-7fbc09262000 rw-p 00000000 00:00 0 
7fbc09262000-7fbc09662000 rw-p 00000000 00:00 0 
7fbc09662000-7fbc09862000 rw-p 00000000 00:00 0 
7fbc09862000-7fbc0a062000 rw-p 00000000 00:00 0 
7fbc0a062000-7fbc0a262000 rw-p 00000000 00:00 0 
7fbc0a262000-7fbc0a662000 rw-p 00000000 00:00 0 
7fbc0a662000-7fbc0a862000 rw-p 00000000 00:00 0 
7fbc0a862000-7fbc0aa62000 rw-p 00000000 00:00 0 
7fbc0aa62000-7fbc0ac62000 rw-p 00000000 00:00 0 
7fbc0ac62000-7fbc0ae62000 rw-p 00000000 00:00 0 
7fbc0ae62000-7fbc0b062000 rw-p 00000000 00:00 0 
7fbc0b062000-7fbc0b262000 rw-p 00000000 00:00 0 
7fbc0b262000-7fbc0b462000 rw-p 00000000 00:00 0 
7fbc0b462000-7fbc0b662000 rw-p 00000000 00:00 0 
7fbc0b662000-7fbc0b862000 rw-p 00000000 00:00 0 
7fbc0b862000-7fbc0ba62000 rw-p 00000000 00:00 0 
7fbc0ba62000-7fbc0be62000 rw-p 00000000 00:00 0 
7fbc0be62000-7fbc0c262000 rw-p 00000000 00:00 0 
7fbc0c262000-7fbc0c662000 rw-p 00000000 00:00 0 
7fbc0c662000-7fbc0c862000 rw-p 00000000 00:00 0 
7fbc0c862000-7fbc0ca62000 rw-p 00000000 00:00 0 
7fbc0ca62000-7fbc0cc62000 rw-p 00000000 00:00 0 
7fbc0cc62000-7fbc0ce62000 rw-p 00000000 00:00 0 
7fbc0ce62000-7fbc0d062000 rw-p 00000000 00:00 0 
7fbc0d062000-7fbc0d262000 rw-p 00000000 00:00 0 
7fbc0d262000-7fbc0d662000 rw-p 00000000 00:00 0 
7fbc0d662000-7fbc0da62000 rw-p 00000000 00:00 0 
7fbc0da62000-7fbc0dc62000 rw-p 00000000 00:00 0 
7fbc0dc62000-7fbc0e262000 rw-p 00000000 00:00 0 
7fbc0e262000-7fbc0e462000 rw-p 00000000 00:00 0 
7fbc0e462000-7fbc0e46a000 r-xp 00000000 ca:00 164650                     /usr/lib/jvm/java-8-oracle/jre/lib/amd64/libmanagement.so
7fbc0e46a000-7fbc0e66a000 ---p 00008000 ca:00 164650                     /usr/lib/jvm/java-8-oracle/jre/lib/amd64/libmanagement.so
7fbc0e66a000-7fbc0e66b000 rw-p 00008000 ca:00 164650                     /usr/lib/jvm/java-8-oracle/jre/lib/amd64/libmanagement.so
7fbc0e66b000-7fbc0e86b000 rw-p 00000000 00:00 0 
7fbc0e86b000-7fbc0ee6b000 rw-p 00000000 00:00 0 
7fbc0ee6b000-7fbc0eed4000 r-xp 00000000 ca:00 164596                     /usr/lib/jvm/java-8-oracle/jre/lib/amd64/libt2k.so
7fbc0eed4000-7fbc0f0d3000 ---p 00069000 ca:00 164596                     /usr/lib/jvm/java-8-oracle/jre/lib/amd64/libt2k.so
7fbc0f0d3000-7fbc0f0da000 rw-p 00068000 ca:00 164596                     /usr/lib/jvm/java-8-oracle/jre/lib/amd64/libt2k.so
7fbc0f0da000-7fbc0f2ea000 rw-p 00000000 00:00 0 
7fbc0f2ea000-7fbc0f2ed000 ---p 00000000 00:00 0 
7fbc0f2ed000-7fbc0f3eb000 rw-p 00000000 00:00 0                          [stack:8965]
7fbc0f3eb000-7fbc0f44f000 r-xp 00000000 ca:00 164622                     /usr/lib/jvm/java-8-oracle/jre/lib/amd64/libfontmanager.so
7fbc0f44f000-7fbc0f64f000 ---p 00064000 ca:00 164622                     /usr/lib/jvm/java-8-oracle/jre/lib/amd64/libfontmanager.so
7fbc0f64f000-7fbc0f653000 rw-p 00064000 ca:00 164622                     /usr/lib/jvm/java-8-oracle/jre/lib/amd64/libfontmanager.so
7fbc0f653000-7fbc0f664000 rw-p 00000000 00:00 0 
7fbc0f664000-7fbc0f667000 ---p 00000000 00:00 0 
7fbc0f667000-7fbc0f965000 rw-p 00000000 00:00 0 
7fbc0f965000-7fbc0f968000 ---p 00000000 00:00 0 
7fbc0f968000-7fbc0fa66000 rw-p 00000000 00:00 0                          [stack:28545]
7fbc0fa66000-7fbc0fa7d000 r-xp 00000000 ca:00 20256                      /lib/x86_64-linux-gnu/libresolv-2.19.so
7fbc0fa7d000-7fbc0fc7d000 ---p 00017000 ca:00 20256                      /lib/x86_64-linux-gnu/libresolv-2.19.so
7fbc0fc7d000-7fbc0fc7e000 r--p 00017000 ca:00 20256                      /lib/x86_64-linux-gnu/libresolv-2.19.so
7fbc0fc7e000-7fbc0fc7f000 rw-p 00018000 ca:00 20256                      /lib/x86_64-linux-gnu/libresolv-2.19.so
7fbc0fc7f000-7fbc0fc81000 rw-p 00000000 00:00 0 
7fbc0fc81000-7fbc0fc86000 r-xp 00000000 ca:00 20261                      /lib/x86_64-linux-gnu/libnss_dns-2.19.so
7fbc0fc86000-7fbc0fe85000 ---p 00005000 ca:00 20261                      /lib/x86_64-linux-gnu/libnss_dns-2.19.so
7fbc0fe85000-7fbc0fe86000 r--p 00004000 ca:00 20261                      /lib/x86_64-linux-gnu/libnss_dns-2.19.so
7fbc0fe86000-7fbc0fe87000 rw-p 00005000 ca:00 20261                      /lib/x86_64-linux-gnu/libnss_dns-2.19.so
7fbc0fe87000-7fbc0fe8a000 ---p 00000000 00:00 0 
7fbc0fe8a000-7fbc0ff88000 rw-p 00000000 00:00 0                          [stack:8961]
7fbc0ff88000-7fbc0ff8b000 ---p 00000000 00:00 0 
7fbc0ff8b000-7fbc10289000 rw-p 00000000 00:00 0                          [stack:8960]
7fbc10289000-7fbc1028c000 ---p 00000000 00:00 0 
7fbc1028c000-7fbc1038a000 rw-p 00000000 00:00 0 
7fbc1038a000-7fbc1038d000 ---p 00000000 00:00 0 
7fbc1038d000-7fbc1088b000 rw-p 00000000 00:00 0                          [stack:8967]
7fbc1088b000-7fbc10c8b000 rw-p 00000000 00:00 0 
7fbc10c8b000-7fbc10e8b000 rw-p 00000000 00:00 0 
7fbc10e8b000-7fbc1108b000 rw-p 00000000 00:00 0 
7fbc1108b000-7fbc11092000 r-xp 00000000 ca:00 164621                     /usr/lib/jvm/java-8-oracle/jre/lib/amd64/libawt_headless.so
7fbc11092000-7fbc11291000 ---p 00007000 ca:00 164621                     /usr/lib/jvm/java-8-oracle/jre/lib/amd64/libawt_headless.so
7fbc11291000-7fbc11292000 rw-p 00006000 ca:00 164621                     /usr/lib/jvm/java-8-oracle/jre/lib/amd64/libawt_headless.so
7fbc11292000-7fbc11334000 r-xp 00000000 ca:00 164643                     /usr/lib/jvm/java-8-oracle/jre/lib/amd64/libawt.so
7fbc11334000-7fbc11534000 ---p 000a2000 ca:00 164643                     /usr/lib/jvm/java-8-oracle/jre/lib/amd64/libawt.so
7fbc11534000-7fbc11540000 rw-p 000a2000 ca:00 164643                     /usr/lib/jvm/java-8-oracle/jre/lib/amd64/libawt.so
7fbc11540000-7fbc11564000 rw-p 00000000 00:00 0 
7fbc11564000-7fbc11567000 ---p 00000000 00:00 0 
7fbc11567000-7fbc11665000 rw-p 00000000 00:00 0                          [stack:12037]
7fbc11665000-7fbc11668000 ---p 00000000 00:00 0 
7fbc11668000-7fbc11766000 rw-p 00000000 00:00 0                          [stack:28544]
7fbc11766000-7fbc11769000 ---p 00000000 00:00 0 
7fbc11769000-7fbc11867000 rw-p 00000000 00:00 0                          [stack:8953]
7fbc11867000-7fbc11878000 r-xp 00000000 ca:00 164634                     /usr/lib/jvm/java-8-oracle/jre/lib/amd64/libnio.so
7fbc11878000-7fbc11a77000 ---p 00011000 ca:00 164634                     /usr/lib/jvm/java-8-oracle/jre/lib/amd64/libnio.so
7fbc11a77000-7fbc11a78000 rw-p 00010000 ca:00 164634                     /usr/lib/jvm/java-8-oracle/jre/lib/amd64/libnio.so
7fbc11a78000-7fbc11a7b000 ---p 00000000 00:00 0 
7fbc11a7b000-7fbc11b79000 rw-p 00000000 00:00 0 
7fbc11b79000-7fbc11b7c000 ---p 00000000 00:00 0 
7fbc11b7c000-7fbc11c7a000 rw-p 00000000 00:00 0                          [stack:8951]
7fbc11c7a000-7fbc11c7d000 ---p 00000000 00:00 0 
7fbc11c7d000-7fbc11d7b000 rw-p 00000000 00:00 0 
7fbc11d7b000-7fbc11d7e000 ---p 00000000 00:00 0 
7fbc11d7e000-7fbc11e7c000 rw-p 00000000 00:00 0                          [stack:8949]
7fbc11e7c000-7fbc11e7f000 ---p 00000000 00:00 0 
7fbc11e7f000-7fbc11f7d000 rw-p 00000000 00:00 0                          [stack:8948]
7fbc11f7d000-7fbc11f80000 ---p 00000000 00:00 0 
7fbc11f80000-7fbc1207e000 rw-p 00000000 00:00 0                          [stack:8947]
7fbc1207e000-7fbc12081000 ---p 00000000 00:00 0 
7fbc12081000-7fbc1237f000 rw-p 00000000 00:00 0                          [stack:8946]
7fbc1237f000-7fbc1277f000 rw-p 00000000 00:00 0 
7fbc1277f000-7fbc1297f000 rw-p 00000000 00:00 0 
7fbc1297f000-7fbc12b7f000 rw-p 00000000 00:00 0 
7fbc12b7f000-7fbc12d7f000 rw-p 00000000 00:00 0 
7fbc12d7f000-7fbc12f7f000 rw-p 00000000 00:00 0 
7fbc12f7f000-7fbc12f95000 r-xp 00000000 ca:00 20410                      /lib/x86_64-linux-gnu/libgcc_s.so.1
7fbc12f95000-7fbc13194000 ---p 00016000 ca:00 20410                      /lib/x86_64-linux-gnu/libgcc_s.so.1
7fbc13194000-7fbc13195000 rw-p 00015000 ca:00 20410                      /lib/x86_64-linux-gnu/libgcc_s.so.1
7fbc13195000-7fbc131c7000 r-xp 00000000 ca:00 164639                     /usr/lib/jvm/java-8-oracle/jre/lib/amd64/libsunec.so
7fbc131c7000-7fbc133c6000 ---p 00032000 ca:00 164639                     /usr/lib/jvm/java-8-oracle/jre/lib/amd64/libsunec.so
7fbc133c6000-7fbc133cc000 rw-p 00031000 ca:00 164639                     /usr/lib/jvm/java-8-oracle/jre/lib/amd64/libsunec.so
7fbc133cc000-7fbc133dc000 rw-p 00000000 00:00 0 
7fbc133dc000-7fbc133e9000 r-xp 00000000 ca:00 6113                       /tmp/liblz4-java1639294635907429639.so
7fbc133e9000-7fbc135e8000 ---p 0000d000 ca:00 6113                       /tmp/liblz4-java1639294635907429639.so
7fbc135e8000-7fbc135e9000 rw-p 0000c000 ca:00 6113                       /tmp/liblz4-java1639294635907429639.so
7fbc135e9000-7fbc137e9000 rw-p 00000000 00:00 0 
7fbc137e9000-7fbc137ff000 r-xp 00000000 ca:00 164645                     /usr/lib/jvm/java-8-oracle/jre/lib/amd64/libnet.so
7fbc137ff000-7fbc139ff000 ---p 00016000 ca:00 164645                     /usr/lib/jvm/java-8-oracle/jre/lib/amd64/libnet.so
7fbc139ff000-7fbc13a00000 rw-p 00016000 ca:00 164645                     /usr/lib/jvm/java-8-oracle/jre/lib/amd64/libnet.so
7fbc13a00000-7fbc13c00000 rw-p 00000000 00:00 0 
7fbc13c00000-7fbc13e00000 rw-p 00000000 00:00 0 
7fbc13e00000-7fbc14000000 rw-p 00000000 00:00 0 
7fbc14000000-7fbc15421000 rw-p 00000000 00:00 0 
7fbc15421000-7fbc18000000 ---p 00000000 00:00 0 
7fbc18000000-7fbc1936d000 rw-p 00000000 00:00 0 
7fbc1936d000-7fbc1c000000 ---p 00000000 00:00 0 
7fbc1c000000-7fbc1d182000 rw-p 00000000 00:00 0 
7fbc1d182000-7fbc20000000 ---p 00000000 00:00 0 
7fbc20000000-7fbc2196b000 rw-p 00000000 00:00 0 
7fbc2196b000-7fbc24000000 ---p 00000000 00:00 0 
7fbc24000000-7fbc245e2000 rw-p 00000000 00:00 0 
7fbc245e2000-7fbc28000000 ---p 00000000 00:00 0 
7fbc28000000-7fbc29214000 rw-p 00000000 00:00 0 
7fbc29214000-7fbc2c000000 ---p 00000000 00:00 0 
7fbc2c000000-7fbc2cc97000 rw-p 00000000 00:00 0 
7fbc2cc97000-7fbc30000000 ---p 00000000 00:00 0 
7fbc3003b000-7fbc3003c000 rw-p 00000000 00:00 0 
7fbc3003c000-7fbc3004f000 r--s 00344000 ca:00 164710                     /usr/lib/jvm/java-8-oracle/jre/lib/resources.jar
7fbc3004f000-7fbc30052000 ---p 00000000 00:00 0 
7fbc30052000-7fbc30088000 rw-p 00000000 00:00 0 
7fbc30088000-7fbc3008b000 ---p 00000000 00:00 0 
7fbc3008b000-7fbc30189000 rw-p 00000000 00:00 0                          [stack:8945]
7fbc30189000-7fbc3018e000 r--s 0003f000 ca:00 172044                     /usr/lib/jvm/java-8-oracle/jre/lib/ext/sunjce_provider.jar
7fbc3018e000-7fbc3018f000 r--s 00009000 ca:00 172048                     /usr/lib/jvm/java-8-oracle/jre/lib/ext/sunec.jar
7fbc3018f000-7fbc30192000 r--s 0003a000 ca:00 172047                     /usr/lib/jvm/java-8-oracle/jre/lib/ext/sunpkcs11.jar
7fbc30192000-7fbc30392000 rw-p 00000000 00:00 0 
7fbc30392000-7fbc30592000 rw-p 00000000 00:00 0 
7fbc30592000-7fbc30792000 rw-p 00000000 00:00 0 
7fbc30792000-7fbc3079c000 r--s 00116000 ca:00 172050                     /usr/lib/jvm/java-8-oracle/jre/lib/ext/localedata.jar
7fbc3079c000-7fbc307b8000 r--s 00393000 ca:00 172043                     /usr/lib/jvm/java-8-oracle/jre/lib/ext/cldrdata.jar
7fbc307b8000-7fbc307ba000 r--s 0001a000 ca:00 164652                     /usr/lib/jvm/java-8-oracle/jre/lib/jce.jar
7fbc307ba000-7fbc307be000 r--s 00093000 ca:00 164714                     /usr/lib/jvm/java-8-oracle/jre/lib/jsse.jar
7fbc307be000-7fbc307c5000 r--s 0003f000 ca:00 50339                      /home/thao/.m2/repository/commons-codec/commons-codec/1.10/commons-codec-1.10.jar
7fbc307c5000-7fbc307c6000 r--s 00000000 ca:00 42634                      /home/thao/.m2/repository/org/clojure/core.incubator/0.1.0/core.incubator-0.1.0.jar
7fbc307c6000-7fbc307c8000 r--s 00015000 ca:00 42641                      /home/thao/.m2/repository/org/eclipse/jetty/jetty-http/7.6.8.v20121106/jetty-http-7.6.8.v20121106.jar
7fbc307c8000-7fbc307ca000 r--s 00016000 ca:00 42643                      /home/thao/.m2/repository/org/eclipse/jetty/jetty-io/7.6.8.v20121106/jetty-io-7.6.8.v20121106.jar
7fbc307ca000-7fbc307cc000 r--s 00018000 ca:00 42432                      /home/thao/.m2/repository/javax/servlet/servlet-api/2.5/servlet-api-2.5.jar
7fbc307cc000-7fbc307cd000 r--s 00001000 ca:00 42652                      /home/thao/.m2/repository/ring-server/ring-server/0.3.1/ring-server-0.3.1.jar
7fbc307cd000-7fbc307ce000 r--s 00002000 ca:00 42438                      /home/thao/.m2/repository/clout/clout/1.2.0/clout-1.2.0.jar
7fbc307ce000-7fbc309ce000 rw-p 00000000 00:00 0 
7fbc309ce000-7fbc30a0d000 r--s 00340000 ca:00 42376                      /home/thao/.m2/repository/org/clojure/clojure/1.6.0/clojure-1.6.0.jar
7fbc30a0d000-7fbc30a10000 r--s 0001b000 ca:00 42642                      /home/thao/.m2/repository/org/eclipse/jetty/orbit/javax.servlet/2.5.0.v201103041518/javax.servlet-2.5.0.v201103041518.jar
7fbc30a10000-7fbc30a15000 r--s 00034000 ca:00 42390                      /home/thao/.m2/repository/commons-beanutils/commons-beanutils/1.8.3/commons-beanutils-1.8.3.jar
7fbc30a15000-7fbc30a17000 r--s 0000d000 ca:00 42386                      /home/thao/.m2/repository/commons-logging/commons-logging/1.1.1/commons-logging-1.1.1.jar
7fbc30a17000-7fbc30a1a000 r--s 00013000 ca:00 42407                      /home/thao/.m2/repository/com/netflix/denominator/denominator-route53/4.3.3/denominator-route53-4.3.3.jar
7fbc30a1a000-7fbc30a20000 r--s 00016000 ca:00 42382                      /home/thao/.m2/repository/com/ecwid/ecwid-mailchimp/2.0.1.0/ecwid-mailchimp-2.0.1.0.jar
7fbc30a20000-7fbc30a24000 r--s 00020000 ca:00 42392                      /home/thao/.m2/repository/commons-digester/commons-digester/1.8/commons-digester-1.8.jar
7fbc30a24000-7fbc30a34000 r--s 0007c000 ca:00 42380                      /home/thao/.m2/repository/joda-time/joda-time/2.1/joda-time-2.1.jar
7fbc30a34000-7fbc30a35000 ---p 00000000 00:00 0 
7fbc30a35000-7fbc30b35000 rw-p 00000000 00:00 0                          [stack:8944]
7fbc30b35000-7fbc30b38000 ---p 00000000 00:00 0 
7fbc30b38000-7fbc30c36000 rw-p 00000000 00:00 0                          [stack:8943]
7fbc30c36000-7fbc30c39000 ---p 00000000 00:00 0 
7fbc30c39000-7fbc30d37000 rw-p 00000000 00:00 0                          [stack:8942]
7fbc30d37000-7fbc31000000 r--p 00000000 ca:00 949                        /usr/lib/locale/locale-archive
7fbc31000000-7fbc31cf0000 rwxp 00000000 00:00 0 
7fbc31cf0000-7fbc40000000 ---p 00000000 00:00 0 
7fbc40000000-7fbc414f2000 rw-p 00000000 00:00 0 
7fbc414f2000-7fbc44000000 ---p 00000000 00:00 0 
7fbc44000000-7fbc44001000 r--s 00007000 ca:00 42377                      /home/thao/.m2/repository/org/clojure/tools.reader/0.8.1/tools.reader-0.8.1.jar
7fbc44001000-7fbc44008000 r--s 0003c000 ca:00 42418                      /home/thao/.m2/repository/org/yaml/snakeyaml/1.12/snakeyaml-1.12.jar
7fbc44008000-7fbc4400a000 r--s 00008000 ca:00 41717                      /home/thao/.m2/repository/org/clojure/tools.nrepl/0.2.6/tools.nrepl-0.2.6.jar
7fbc4400a000-7fbc4400c000 r--s 00001000 ca:00 42654                      /home/thao/.m2/repository/ring/ring-devel/1.2.1/ring-devel-1.2.1.jar
7fbc4400c000-7fbc4400d000 r--s 0000b000 ca:00 50337                      /home/thao/.m2/repository/org/iq80/snappy/snappy/0.3/snappy-0.3.jar
7fbc4400d000-7fbc4400e000 r--s 00001000 ca:00 50334                      /home/thao/.m2/repository/org/clojure/data.json/0.2.5/data.json-0.2.5.jar
7fbc4400e000-7fbc44015000 r--s 0008a000 ca:00 74103                      /home/thao/.m2/repository/org/postgresql/postgresql/9.3-1102-jdbc41/postgresql-9.3-1102-jdbc41.jar
7fbc44015000-7fbc44016000 r--s 00000000 ca:00 42637                      /home/thao/.m2/repository/org/clojure/tools.namespace/0.1.3/tools.namespace-0.1.3.jar
7fbc44016000-7fbc44018000 r--s 00000000 ca:00 42655                      /home/thao/.m2/repository/ring/ring/1.2.1/ring-1.2.1.jar
7fbc44018000-7fbc4401b000 r--s 00012000 ca:00 42399                      /home/thao/.m2/repository/io/airlift/airline/0.5/airline-0.5.jar
7fbc4401b000-7fbc4401f000 r--s 00014000 ca:00 42412                      /home/thao/.m2/repository/com/netflix/denominator/denominator-dynect/4.3.3/denominator-dynect-4.3.3.jar
7fbc4401f000-7fbc44021000 r--s 00002000 ca:00 42439                      /home/thao/.m2/repository/compojure/compojure/1.1.8/compojure-1.1.8.jar
7fbc44021000-7fbc44023000 r--s 00008000 ca:00 50348                      /home/thao/.m2/repository/com/taoensso/timbre/3.3.1/timbre-3.3.1.jar
7fbc44023000-7fbc44027000 r--s 00015000 ca:00 50336                      /home/thao/.m2/repository/org/tukaani/xz/1.5/xz-1.5.jar
7fbc44027000-7fbc44028000 r--s 00000000 ca:00 42663                      /home/thao/.m2/repository/ring-refresh/ring-refresh/0.1.2/ring-refresh-0.1.2.jar
7fbc44028000-7fbc44029000 r--s 00000000 ca:00 42402                      /home/thao/.m2/repository/javax/inject/javax.inject/1/javax.inject-1.jar
7fbc44029000-7fbc4402c000 r--s 0000e000 ca:00 42416                      /home/thao/.m2/repository/com/netflix/denominator/denominator-designate/4.3.3/denominator-designate-4.3.3.jar
7fbc4402c000-7fbc4402e000 r--s 0000f000 ca:00 42379                      /home/thao/.m2/repository/commons-fileupload/commons-fileupload/1.3/commons-fileupload-1.3.jar
7fbc4402e000-7fbc4402f000 r--s 00000000 ca:00 42662                      /home/thao/.m2/repository/ring/ring-jetty-adapter/1.2.1/ring-jetty-adapter-1.2.1.jar
7fbc4402f000-7fbc44030000 r--s 00005000 ca:00 50346                      /home/thao/.m2/repository/io/aviso/pretty/0.1.12/pretty-0.1.12.jar
7fbc44030000-7fbc4403c000 r--s 00085000 ca:00 42426                      /home/thao/.m2/repository/org/apache/httpcomponents/httpclient/4.3.5/httpclient-4.3.5.jar
7fbc4403c000-7fbc44040000 r--s 00028000 ca:00 42388                      /home/thao/.m2/repository/commons-validator/commons-validator/1.4.0/commons-validator-1.4.0.jar
7fbc44040000-7fbc44041000 r--s 00000000 ca:00 42442                      /home/thao/.m2/repository/ring-mock/ring-mock/0.1.5/ring-mock-0.1.5.jar
7fbc44041000-7fbc44045000 r--s 0002a000 ca:00 42378                      /home/thao/.m2/repository/commons-io/commons-io/2.4/commons-io-2.4.jar
7fbc44045000-7fbc44046000 r--s 00003000 ca:00 42414                      /home/thao/.m2/repository/com/netflix/feign/feign-gson/5.3.0/feign-gson-5.3.0.jar
7fbc44046000-7fbc44048000 r--s 0000a000 ca:00 42397                      /home/thao/.m2/repository/com/netflix/denominator/denominator-model/4.3.3/denominator-model-4.3.3.jar
7fbc44048000-7fbc4404b000 r--s 00010000 ca:00 42420                      /home/thao/.m2/repository/com/netflix/denominator/denominator-clouddns/4.3.3/denominator-clouddns-4.3.3.jar
7fbc4404b000-7fbc4404c000 r--s 00002000 ca:00 42656                      /home/thao/.m2/repository/hiccup/hiccup/1.0.3/hiccup-1.0.3.jar
7fbc4404c000-7fbc4404d000 r--s 00010000 ca:00 50345                      /home/thao/.m2/repository/com/taoensso/encore/1.18.2/encore-1.18.2.jar
7fbc4404d000-7fbc4404e000 r--s 00002000 ca:00 42443                      /home/thao/.m2/repository/clj-time/clj-time/0.4.4/clj-time-0.4.4.jar
7fbc4404e000-7fbc44050000 r--s 00000000 ca:00 42664                      /home/thao/.m2/repository/ring/ring-servlet/1.2.1/ring-servlet-1.2.1.jar
7fbc44050000-7fbc44055000 r--s 0003b000 ca:00 42646                      /home/thao/.m2/repository/org/eclipse/jetty/jetty-util/7.6.8.v20121106/jetty-util-7.6.8.v20121106.jar
7fbc44055000-7fbc44056000 r--s 00001000 ca:00 42653                      /home/thao/.m2/repository/clj-stacktrace/clj-stacktrace/0.2.5/clj-stacktrace-0.2.5.jar
7fbc44056000-7fbc44057000 r--s 00004000 ca:00 42644                      /home/thao/.m2/repository/org/eclipse/jetty/jetty-continuation/7.6.8.v20121106/jetty-continuation-7.6.8.v20121106.jar
7fbc44057000-7fbc4405a000 r--s 0000d000 ca:00 42394                      /home/thao/.m2/repository/com/netflix/denominator/denominator-cli/4.3.3/denominator-cli-4.3.3.jar
7fbc4405a000-7fbc4405d000 r--s 00019000 ca:00 42410                      /home/thao/.m2/repository/com/netflix/feign/feign-core/5.3.0/feign-core-5.3.0.jar
7fbc4405d000-7fbc4405f000 r--s 00038000 ca:00 50335                      /home/thao/.m2/repository/net/jpountz/lz4/lz4/1.3/lz4-1.3.jar
7fbc4405f000-7fbc44061000 r--s 0000f000 ca:00 50347                      /home/thao/.m2/repository/com/taoensso/carmine/2.9.0/carmine-2.9.0.jar
7fbc44061000-7fbc44067000 r--s 00048000 ca:00 42638                      /home/thao/.m2/repository/org/eclipse/jetty/jetty-server/7.6.8.v20121106/jetty-server-7.6.8.v20121106.jar
7fbc44067000-7fbc44069000 r--s 0000b000 ca:00 42404                      /home/thao/.m2/repository/com/squareup/dagger/dagger/1.1.0/dagger-1.1.0.jar
7fbc44069000-7fbc4406a000 r--s 00000000 ca:00 42444                      /home/thao/.m2/repository/ring/ring-codec/1.0.0/ring-codec-1.0.0.jar
7fbc4406a000-7fbc4406b000 r--s 00000000 ca:00 41719                      /home/thao/.m2/repository/clojure-complete/clojure-complete/0.2.3/clojure-complete-0.2.3.jar
7fbc4406b000-7fbc4406c000 r--s 00001000 ca:00 42408                      /home/thao/.m2/repository/com/netflix/feign/feign-sax/5.3.0/feign-sax-5.3.0.jar
7fbc4406c000-7fbc4406f000 r--s 003c4000 ca:00 49825                      /home/thao/.m2/repository/org/xerial/sqlite-jdbc/3.8.7/sqlite-jdbc-3.8.7.jar
7fbc4406f000-7fbc4409a000 r--s 001fc000 ca:00 42384                      /home/thao/.m2/repository/com/google/guava/guava/18.0/guava-18.0.jar
7fbc4409a000-7fbc4409d000 ---p 00000000 00:00 0 
7fbc4409d000-7fbc4419b000 rw-p 00000000 00:00 0                          [stack:8941]
7fbc4419b000-7fbc4419e000 ---p 00000000 00:00 0 
7fbc4419e000-7fbc4429c000 rw-p 00000000 00:00 0                          [stack:8940]
7fbc4429c000-7fbc4429f000 ---p 00000000 00:00 0 
7fbc4429f000-7fbc4439d000 rw-p 00000000 00:00 0                          [stack:8939]
7fbc4439d000-7fbc443a0000 ---p 00000000 00:00 0 
7fbc443a0000-7fbc4449e000 rw-p 00000000 00:00 0                          [stack:8938]
7fbc4449e000-7fbc4449f000 ---p 00000000 00:00 0 
7fbc4449f000-7fbc445ee000 rw-p 00000000 00:00 0                          [stack:8937]
7fbc445ee000-7fbc447c4000 r--s 03caa000 ca:00 164694                     /usr/lib/jvm/java-8-oracle/jre/lib/rt.jar
7fbc447c4000-7fbc450bd000 rw-p 00000000 00:00 0 
7fbc450bd000-7fbc450f1000 rw-p 00000000 00:00 0 
7fbc450f1000-7fbc4547d000 ---p 00000000 00:00 0 
7fbc4547d000-7fbc45497000 r-xp 00000000 ca:00 164597                     /usr/lib/jvm/java-8-oracle/jre/lib/amd64/libzip.so
7fbc45497000-7fbc45697000 ---p 0001a000 ca:00 164597                     /usr/lib/jvm/java-8-oracle/jre/lib/amd64/libzip.so
7fbc45697000-7fbc45698000 rw-p 0001a000 ca:00 164597                     /usr/lib/jvm/java-8-oracle/jre/lib/amd64/libzip.so
7fbc45698000-7fbc456a3000 r-xp 00000000 ca:00 20266                      /lib/x86_64-linux-gnu/libnss_files-2.19.so
7fbc456a3000-7fbc458a2000 ---p 0000b000 ca:00 20266                      /lib/x86_64-linux-gnu/libnss_files-2.19.so
7fbc458a2000-7fbc458a3000 r--p 0000a000 ca:00 20266                      /lib/x86_64-linux-gnu/libnss_files-2.19.so
7fbc458a3000-7fbc458a4000 rw-p 0000b000 ca:00 20266                      /lib/x86_64-linux-gnu/libnss_files-2.19.so
7fbc458a4000-7fbc458af000 r-xp 00000000 ca:00 20273                      /lib/x86_64-linux-gnu/libnss_nis-2.19.so
7fbc458af000-7fbc45aae000 ---p 0000b000 ca:00 20273                      /lib/x86_64-linux-gnu/libnss_nis-2.19.so
7fbc45aae000-7fbc45aaf000 r--p 0000a000 ca:00 20273                      /lib/x86_64-linux-gnu/libnss_nis-2.19.so
7fbc45aaf000-7fbc45ab0000 rw-p 0000b000 ca:00 20273                      /lib/x86_64-linux-gnu/libnss_nis-2.19.so
7fbc45ab0000-7fbc45ac7000 r-xp 00000000 ca:00 20259                      /lib/x86_64-linux-gnu/libnsl-2.19.so
7fbc45ac7000-7fbc45cc6000 ---p 00017000 ca:00 20259                      /lib/x86_64-linux-gnu/libnsl-2.19.so
7fbc45cc6000-7fbc45cc7000 r--p 00016000 ca:00 20259                      /lib/x86_64-linux-gnu/libnsl-2.19.so
7fbc45cc7000-7fbc45cc8000 rw-p 00017000 ca:00 20259                      /lib/x86_64-linux-gnu/libnsl-2.19.so
7fbc45cc8000-7fbc45cca000 rw-p 00000000 00:00 0 
7fbc45cca000-7fbc45cd3000 r-xp 00000000 ca:00 20270                      /lib/x86_64-linux-gnu/libnss_compat-2.19.so
7fbc45cd3000-7fbc45ed2000 ---p 00009000 ca:00 20270                      /lib/x86_64-linux-gnu/libnss_compat-2.19.so
7fbc45ed2000-7fbc45ed3000 r--p 00008000 ca:00 20270                      /lib/x86_64-linux-gnu/libnss_compat-2.19.so
7fbc45ed3000-7fbc45ed4000 rw-p 00009000 ca:00 20270                      /lib/x86_64-linux-gnu/libnss_compat-2.19.so
7fbc45ed4000-7fbc45efe000 r-xp 00000000 ca:00 164606                     /usr/lib/jvm/java-8-oracle/jre/lib/amd64/libjava.so
7fbc45efe000-7fbc460fe000 ---p 0002a000 ca:00 164606                     /usr/lib/jvm/java-8-oracle/jre/lib/amd64/libjava.so
7fbc460fe000-7fbc46100000 rw-p 0002a000 ca:00 164606                     /usr/lib/jvm/java-8-oracle/jre/lib/amd64/libjava.so
7fbc46100000-7fbc4610d000 r-xp 00000000 ca:00 164651                     /usr/lib/jvm/java-8-oracle/jre/lib/amd64/libverify.so
7fbc4610d000-7fbc4630d000 ---p 0000d000 ca:00 164651                     /usr/lib/jvm/java-8-oracle/jre/lib/amd64/libverify.so
7fbc4630d000-7fbc4630f000 rw-p 0000d000 ca:00 164651                     /usr/lib/jvm/java-8-oracle/jre/lib/amd64/libverify.so
7fbc4630f000-7fbc46316000 r-xp 00000000 ca:00 20276                      /lib/x86_64-linux-gnu/librt-2.19.so
7fbc46316000-7fbc46515000 ---p 00007000 ca:00 20276                      /lib/x86_64-linux-gnu/librt-2.19.so
7fbc46515000-7fbc46516000 r--p 00006000 ca:00 20276                      /lib/x86_64-linux-gnu/librt-2.19.so
7fbc46516000-7fbc46517000 rw-p 00007000 ca:00 20276                      /lib/x86_64-linux-gnu/librt-2.19.so
7fbc46517000-7fbc4661c000 r-xp 00000000 ca:00 20258                      /lib/x86_64-linux-gnu/libm-2.19.so
7fbc4661c000-7fbc4681b000 ---p 00105000 ca:00 20258                      /lib/x86_64-linux-gnu/libm-2.19.so
7fbc4681b000-7fbc4681c000 r--p 00104000 ca:00 20258                      /lib/x86_64-linux-gnu/libm-2.19.so
7fbc4681c000-7fbc4681d000 rw-p 00105000 ca:00 20258                      /lib/x86_64-linux-gnu/libm-2.19.so
7fbc4681d000-7fbc4748a000 r-xp 00000000 ca:00 164592                     /usr/lib/jvm/java-8-oracle/jre/lib/amd64/server/libjvm.so
7fbc4748a000-7fbc47689000 ---p 00c6d000 ca:00 164592                     /usr/lib/jvm/java-8-oracle/jre/lib/amd64/server/libjvm.so
7fbc47689000-7fbc4775f000 rw-p 00c6c000 ca:00 164592                     /usr/lib/jvm/java-8-oracle/jre/lib/amd64/server/libjvm.so
7fbc4775f000-7fbc477a2000 rw-p 00000000 00:00 0 
7fbc477a2000-7fbc4795d000 r-xp 00000000 ca:00 20274                      /lib/x86_64-linux-gnu/libc-2.19.so
7fbc4795d000-7fbc47b5d000 ---p 001bb000 ca:00 20274                      /lib/x86_64-linux-gnu/libc-2.19.so
7fbc47b5d000-7fbc47b61000 r--p 001bb000 ca:00 20274                      /lib/x86_64-linux-gnu/libc-2.19.so
7fbc47b61000-7fbc47b63000 rw-p 001bf000 ca:00 20274                      /lib/x86_64-linux-gnu/libc-2.19.so
7fbc47b63000-7fbc47b68000 rw-p 00000000 00:00 0 
7fbc47b68000-7fbc47b6b000 r-xp 00000000 ca:00 20268                      /lib/x86_64-linux-gnu/libdl-2.19.so
7fbc47b6b000-7fbc47d6a000 ---p 00003000 ca:00 20268                      /lib/x86_64-linux-gnu/libdl-2.19.so
7fbc47d6a000-7fbc47d6b000 r--p 00002000 ca:00 20268                      /lib/x86_64-linux-gnu/libdl-2.19.so
7fbc47d6b000-7fbc47d6c000 rw-p 00003000 ca:00 20268                      /lib/x86_64-linux-gnu/libdl-2.19.so
7fbc47d6c000-7fbc47d81000 r-xp 00000000 ca:00 164624                     /usr/lib/jvm/java-8-oracle/jre/lib/amd64/jli/libjli.so
7fbc47d81000-7fbc47f80000 ---p 00015000 ca:00 164624                     /usr/lib/jvm/java-8-oracle/jre/lib/amd64/jli/libjli.so
7fbc47f80000-7fbc47f81000 rw-p 00014000 ca:00 164624                     /usr/lib/jvm/java-8-oracle/jre/lib/amd64/jli/libjli.so
7fbc47f81000-7fbc47f9a000 r-xp 00000000 ca:00 20263                      /lib/x86_64-linux-gnu/libpthread-2.19.so
7fbc47f9a000-7fbc48199000 ---p 00019000 ca:00 20263                      /lib/x86_64-linux-gnu/libpthread-2.19.so
7fbc48199000-7fbc4819a000 r--p 00018000 ca:00 20263                      /lib/x86_64-linux-gnu/libpthread-2.19.so
7fbc4819a000-7fbc4819b000 rw-p 00019000 ca:00 20263                      /lib/x86_64-linux-gnu/libpthread-2.19.so
7fbc4819b000-7fbc4819f000 rw-p 00000000 00:00 0 
7fbc4819f000-7fbc481c2000 r-xp 00000000 ca:00 20271                      /lib/x86_64-linux-gnu/ld-2.19.so
7fbc481c2000-7fbc481c5000 r--s 00018000 ca:00 50333                      /home/thao/.m2/repository/org/apache/commons/commons-pool2/2.2/commons-pool2-2.2.jar
7fbc481c5000-7fbc481cb000 r--s 0003f000 ca:00 42430                      /home/thao/.m2/repository/org/apache/httpcomponents/httpcore/4.3.2/httpcore-4.3.2.jar
7fbc481cb000-7fbc481cf000 r--s 0001c000 ca:00 42423                      /home/thao/.m2/repository/com/netflix/denominator/denominator-ultradns/4.3.3/denominator-ultradns-4.3.3.jar
7fbc481cf000-7fbc481d0000 r--s 00000000 ca:00 42665                      /home/thao/.m2/repository/watchtower/watchtower/0.1.1/watchtower-0.1.1.jar
7fbc481d0000-7fbc481d2000 r--s 00005000 ca:00 42446                      /home/thao/.m2/repository/ring/ring-core/1.2.2/ring-core-1.2.2.jar
7fbc481d2000-7fbc481d7000 r--s 0002e000 ca:00 42424                      /home/thao/.m2/repository/com/google/code/gson/gson/2.3/gson-2.3.jar
7fbc481d7000-7fbc481d9000 r--s 00006000 ca:00 50349                      /home/thao/.m2/repository/com/taoensso/nippy/2.7.1/nippy-2.7.1.jar
7fbc481d9000-7fbc481dd000 r--s 00019000 ca:00 42400                      /home/thao/.m2/repository/com/netflix/denominator/denominator-core/4.3.3/denominator-core-4.3.3.jar
7fbc481dd000-7fbc4822d000 rw-p 00000000 00:00 0 
7fbc4822d000-7fbc48230000 ---p 00000000 00:00 0 
7fbc48230000-7fbc48258000 rw-p 00000000 00:00 0 
7fbc48258000-7fbc48259000 ---p 00000000 00:00 0 
7fbc48259000-7fbc482aa000 rw-p 00000000 00:00 0 
7fbc482aa000-7fbc482ac000 ---p 00000000 00:00 0 
7fbc482ac000-7fbc482ad000 rw-p 00000000 00:00 0 
7fbc482ad000-7fbc482b5000 rw-s 00000000 ca:00 74110                      /tmp/hsperfdata_thao/8931
7fbc482b5000-7fbc482b8000 ---p 00000000 00:00 0 
7fbc482b8000-7fbc483ba000 rw-p 00000000 00:00 0                          [stack:8933]
7fbc483ba000-7fbc483bb000 r--s 00000000 ca:00 42636                      /home/thao/.m2/repository/org/clojure/java.classpath/0.2.0/java.classpath-0.2.0.jar
7fbc483bb000-7fbc483bc000 r--s 00001000 ca:00 42374                      /home/thao/.m2/repository/org/clojure/tools.macro/0.1.0/tools.macro-0.1.0.jar
7fbc483bc000-7fbc483bd000 r--s 00001000 ca:00 42666                      /home/thao/.m2/repository/ns-tracker/ns-tracker/0.2.1/ns-tracker-0.2.1.jar
7fbc483bd000-7fbc483be000 rw-p 00000000 00:00 0 
7fbc483be000-7fbc483bf000 r--p 00000000 00:00 0 
7fbc483bf000-7fbc483c1000 rw-p 00000000 00:00 0 
7fbc483c1000-7fbc483c2000 r--p 00022000 ca:00 20271                      /lib/x86_64-linux-gnu/ld-2.19.so
7fbc483c2000-7fbc483c3000 rw-p 00023000 ca:00 20271                      /lib/x86_64-linux-gnu/ld-2.19.so
7fbc483c3000-7fbc483c4000 rw-p 00000000 00:00 0 
7fff0d895000-7fff0d8b7000 rw-p 00000000 00:00 0                          [stack]
7fff0d9fd000-7fff0d9fe000 r-xp 00000000 00:00 0                          [vdso]
7fff0d9fe000-7fff0da00000 r--p 00000000 00:00 0                          [vvar]
ffffffffff600000-ffffffffff601000 r-xp 00000000 00:00 0                  [vsyscall]

VM Arguments:
jvm_args: -Dfile.encoding=UTF-8 -XX:+TieredCompilation -XX:TieredStopAtLevel=1 -XX:-OmitStackTraceInFastThrow -Dclojure.compile.path=/home/thao/bokwang/target/classes -Dbokwang.version=0.1.0-SNAPSHOT -Dclojure.debug=false 
java_command: clojure.main -i /tmp/form-init5234615792461783498.clj
java_class_path (initial): /home/thao/bokwang/test:/home/thao/bokwang/src:/home/thao/bokwang/dev-resources:/home/thao/bokwang/resources:/home/thao/bokwang/target/classes:/home/thao/.m2/repository/ns-tracker/ns-tracker/0.2.1/ns-tracker-0.2.1.jar:/home/thao/.m2/repository/com/netflix/denominator/denominator-core/4.3.3/denominator-core-4.3.3.jar:/home/thao/.m2/repository/org/clojure/tools.macro/0.1.0/tools.macro-0.1.0.jar:/home/thao/.m2/repository/com/taoensso/nippy/2.7.1/nippy-2.7.1.jar:/home/thao/.m2/repository/com/google/code/gson/gson/2.3/gson-2.3.jar:/home/thao/.m2/repository/com/google/guava/guava/18.0/guava-18.0.jar:/home/thao/.m2/repository/ring/ring-core/1.2.2/ring-core-1.2.2.jar:/home/thao/.m2/repository/org/clojure/java.classpath/0.2.0/java.classpath-0.2.0.jar:/home/thao/.m2/repository/watchtower/watchtower/0.1.1/watchtower-0.1.1.jar:/home/thao/.m2/repository/com/netflix/denominator/denominator-ultradns/4.3.3/denominator-ultradns-4.3.3.jar:/home/thao/.m2/repository/org/apache/httpcomponents/httpcore/4.3.2/httpcore-4.3.2.jar:/home/thao/.m2/repository/org/apache/commons/commons-pool2/2.2/commons-pool2-2.2.jar:/home/thao/.m2/repository/org/xerial/sqlite-jdbc/3.8.7/sqlite-jdbc-3.8.7.jar:/home/thao/.m2/repository/com/netflix/feign/feign-sax/5.3.0/feign-sax-5.3.0.jar:/home/thao/.m2/repository/clojure-complete/clojure-complete/0.2.3/clojure-complete-0.2.3.jar:/home/thao/.m2/repository/ring/ring-codec/1.0.0/ring-codec-1.0.0.jar:/home/thao/.m2/repository/com/squareup/dagger/dagger/1.1.0/dagger-1.1.0.jar:/home/thao/.m2/repository/org/eclipse/jetty/jetty-server/7.6.8.v20121106/jetty-server-7.6.8.v20121106.jar:/home/thao/.m2/repository/com/taoensso/carmine/2.9.0/carmine-2.9.0.jar:/home/thao/.m2/repository/net/jpountz/lz4/lz4/1.3/lz4-1.3.jar:/home/thao/.m2/repository/com/netflix/feign/feign-core/5.3.0/feign-core-5.3.0.jar:/home/thao/.m2/repository/com/netflix/denominator/denominator-cli/4.3.3/denominator-cli-4.3.3.jar:/home/thao/.m2/repository/org/eclipse/jetty/jetty-c
Launcher Type: SUN_STANDARD

Environment Variables:
CLASSPATH=/home/thao/.lein/self-installs/leiningen-2.5.0-standalone.jar
PATH=/usr/local/sbin:/usr/local/bin:/usr/sbin:/usr/bin:/sbin:/bin:/usr/games:/usr/local/games
SHELL=/bin/bash

Signal Handlers:
SIGSEGV: [libjvm.so+0xa79a80], sa_mask[0]=11111111011111111101111111111110, sa_flags=SA_RESTART|SA_SIGINFO
SIGBUS: [libjvm.so+0xa79a80], sa_mask[0]=11111111011111111101111111111110, sa_flags=SA_RESTART|SA_SIGINFO
SIGFPE: [libjvm.so+0x8e24e0], sa_mask[0]=11111111011111111101111111111110, sa_flags=SA_RESTART|SA_SIGINFO
SIGPIPE: [libjvm.so+0x8e24e0], sa_mask[0]=11111111011111111101111111111110, sa_flags=SA_RESTART|SA_SIGINFO
SIGXFSZ: [libjvm.so+0x8e24e0], sa_mask[0]=11111111011111111101111111111110, sa_flags=SA_RESTART|SA_SIGINFO
SIGILL: [libjvm.so+0x8e24e0], sa_mask[0]=11111111011111111101111111111110, sa_flags=SA_RESTART|SA_SIGINFO
SIGUSR1: SIG_DFL, sa_mask[0]=00000000000000000000000000000000, sa_flags=none
SIGUSR2: [libjvm.so+0x8e3d10], sa_mask[0]=00100000000000000000000000000000, sa_flags=SA_RESTART|SA_SIGINFO
SIGHUP: SIG_IGN, sa_mask[0]=00000000000000000000000000000000, sa_flags=none
SIGINT: [libjvm.so+0x8e50d0], sa_mask[0]=11111111011111111101111111111110, sa_flags=SA_RESTART|SA_SIGINFO
SIGTERM: [libjvm.so+0x8e50d0], sa_mask[0]=11111111011111111101111111111110, sa_flags=SA_RESTART|SA_SIGINFO
SIGQUIT: [libjvm.so+0x8e50d0], sa_mask[0]=11111111011111111101111111111110, sa_flags=SA_RESTART|SA_SIGINFO


---------------  S Y S T E M  ---------------

OS:DISTRIB_ID=Ubuntu
DISTRIB_RELEASE=14.04
DISTRIB_CODENAME=trusty
DISTRIB_DESCRIPTION="Ubuntu 14.04.1 LTS"

uname:Linux 3.16.7-x86_64-linode49 #3 SMP Fri Nov 14 16:55:37 EST 2014 x86_64
libc:glibc 2.19 NPTL 2.19 
rlimit: STACK 8192k, CORE 0k, NPROC 3947, NOFILE 4096, AS infinity
load average:0.41 0.20 0.10

/proc/meminfo:
MemTotal:        1012988 kB
MemFree:            8016 kB
MemAvailable:       6584 kB
Buffers:             192 kB
Cached:             2560 kB
SwapCached:          876 kB
Active:           464140 kB
Inactive:         464384 kB
Active(anon):     463060 kB
Inactive(anon):   463080 kB
Active(file):       1080 kB
Inactive(file):     1304 kB
Unevictable:           0 kB
Mlocked:               0 kB
SwapTotal:        262140 kB
SwapFree:              0 kB
Dirty:                 0 kB
Writeback:            52 kB
AnonPages:        925044 kB
Mapped:             1952 kB
Shmem:               364 kB
Slab:              16980 kB
SReclaimable:       4780 kB
SUnreclaim:        12200 kB
KernelStack:        2496 kB
PageTables:         7124 kB
NFS_Unstable:          0 kB
Bounce:                0 kB
WritebackTmp:          0 kB
CommitLimit:      768632 kB
Committed_AS:    1299816 kB
VmallocTotal:   34359738367 kB
VmallocUsed:       10624 kB
VmallocChunk:   34359714764 kB
DirectMap4k:     1056768 kB
DirectMap2M:           0 kB


CPU:total 1 (16 cores per cpu, 2 threads per core) family 6 model 62 stepping 4, cmov, cx8, fxsr, mmx, sse, sse2, sse3, ssse3, sse4.1, sse4.2, popcnt, aes, clmul, erms, ht, tsc, tscinvbit

/proc/cpuinfo:
processor	: 0
vendor_id	: GenuineIntel
cpu family	: 6
model		: 62
model name	: Intel(R) Xeon(R) CPU E5-2680 v2 @ 2.80GHz
stepping	: 4
microcode	: 0x416
cpu MHz		: 2800.092
cache size	: 25600 KB
physical id	: 0
siblings	: 1
core id		: 3
cpu cores	: 1
apicid		: 7
initial apicid	: 7
fpu		: yes
fpu_exception	: yes
cpuid level	: 13
wp		: yes
flags		: fpu de tsc msr pae cx8 apic sep cmov pat clflush mmx fxsr sse sse2 ss ht syscall nx lm constant_tsc rep_good nopl nonstop_tsc pni pclmulqdq ssse3 cx16 sse4_1 sse4_2 popcnt tsc_deadline_timer aes f16c rdrand hypervisor lahf_lm ida arat epb pln pts dtherm fsgsbase erms
bogomips	: 5602.52
clflush size	: 64
cache_alignment	: 64
address sizes	: 46 bits physical, 48 bits virtual
power management:



Memory: 4k page, physical 1012988k(8016k free), swap 262140k(0k free)

vm_info: Java HotSpot(TM) 64-Bit Server VM (25.25-b02) for linux-amd64 JRE (1.8.0_25-b17), built on Sep 17 2014 17:32:11 by "java_re" with gcc 4.3.0 20080428 (Red Hat 4.3.0-8)

time: Sat Jan 31 05:47:41 2015
elapsed time: 962489 seconds (11d 3h 21m 29s)

